This is pdfTeX, Version 3.14159265-2.6-1.40.19 (MiKTeX 2.9.6745 64-bit) (preloaded format=pdflatex 2018.7.24)  12 NOV 2018 17:24
entering extended mode
**./s08-2019reg.tex
(s08-2019reg.tex
LaTeX2e <2018-04-01> patch level 5
(../../input/preamble.tex
("C:\Program Files\MiKTeX 2.9\tex\latex\base\article.cls"
Document Class: article 2014/09/29 v1.4h Standard LaTeX document class
("C:\Program Files\MiKTeX 2.9\tex\latex\base\size11.clo"
File: size11.clo 2014/09/29 v1.4h Standard LaTeX file (size option)
)
\c@part=\count80
\c@section=\count81
\c@subsection=\count82
\c@subsubsection=\count83
\c@paragraph=\count84
\c@subparagraph=\count85
\c@figure=\count86
\c@table=\count87
\abovecaptionskip=\skip41
\belowcaptionskip=\skip42
\bibindent=\dimen102
)
("C:\Program Files\MiKTeX 2.9\tex\latex\amsfonts\amssymb.sty"
Package: amssymb 2013/01/14 v3.01 AMS font symbols

("C:\Program Files\MiKTeX 2.9\tex\latex\amsfonts\amsfonts.sty"
Package: amsfonts 2013/01/14 v3.01 Basic AMSFonts support
\@emptytoks=\toks14
\symAMSa=\mathgroup4
\symAMSb=\mathgroup5
LaTeX Font Info:    Overwriting math alphabet `\mathfrak' in version `bold'
(Font)                  U/euf/m/n --> U/euf/b/n on input line 106.
))
("C:\Program Files\MiKTeX 2.9\tex\latex\amsmath\amsmath.sty"
Package: amsmath 2017/09/02 v2.17a AMS math features
\@mathmargin=\skip43

For additional information on amsmath, use the `?' option.
("C:\Program Files\MiKTeX 2.9\tex\latex\amsmath\amstext.sty"
Package: amstext 2000/06/29 v2.01 AMS text

("C:\Program Files\MiKTeX 2.9\tex\latex\amsmath\amsgen.sty"
File: amsgen.sty 1999/11/30 v2.0 generic functions
\@emptytoks=\toks15
\ex@=\dimen103
))
("C:\Program Files\MiKTeX 2.9\tex\latex\amsmath\amsbsy.sty"
Package: amsbsy 1999/11/29 v1.2d Bold Symbols
\pmbraise@=\dimen104
)
("C:\Program Files\MiKTeX 2.9\tex\latex\amsmath\amsopn.sty"
Package: amsopn 2016/03/08 v2.02 operator names
)
\inf@bad=\count88
LaTeX Info: Redefining \frac on input line 213.
\uproot@=\count89
\leftroot@=\count90
LaTeX Info: Redefining \overline on input line 375.
\classnum@=\count91
\DOTSCASE@=\count92
LaTeX Info: Redefining \ldots on input line 472.
LaTeX Info: Redefining \dots on input line 475.
LaTeX Info: Redefining \cdots on input line 596.
\Mathstrutbox@=\box26
\strutbox@=\box27
\big@size=\dimen105
LaTeX Font Info:    Redeclaring font encoding OML on input line 712.
LaTeX Font Info:    Redeclaring font encoding OMS on input line 713.
\macc@depth=\count93
\c@MaxMatrixCols=\count94
\dotsspace@=\muskip10
\c@parentequation=\count95
\dspbrk@lvl=\count96
\tag@help=\toks16
\row@=\count97
\column@=\count98
\maxfields@=\count99
\andhelp@=\toks17
\eqnshift@=\dimen106
\alignsep@=\dimen107
\tagshift@=\dimen108
\tagwidth@=\dimen109
\totwidth@=\dimen110
\lineht@=\dimen111
\@envbody=\toks18
\multlinegap=\skip44
\multlinetaggap=\skip45
\mathdisplay@stack=\toks19
LaTeX Info: Redefining \[ on input line 2817.
LaTeX Info: Redefining \] on input line 2818.
)
("C:\Program Files\MiKTeX 2.9\tex\latex\tools\bm.sty"
Package: bm 2017/01/16 v1.2c Bold Symbol Support (DPC/FMi)
\symboldoperators=\mathgroup6
\symboldletters=\mathgroup7
\symboldsymbols=\mathgroup8
LaTeX Font Info:    Redeclaring math alphabet \mathbf on input line 141.
LaTeX Info: Redefining \bm on input line 207.
)
("C:\Program Files\MiKTeX 2.9\tex\latex\geometry\geometry.sty"
Package: geometry 2018/04/16 v5.8 Page Geometry

("C:\Program Files\MiKTeX 2.9\tex\latex\graphics\keyval.sty"
Package: keyval 2014/10/28 v1.15 key=value parser (DPC)
\KV@toks@=\toks20
)
("C:\Program Files\MiKTeX 2.9\tex\generic\oberdiek\ifpdf.sty"
Package: ifpdf 2017/03/15 v3.2 Provides the ifpdf switch
)
("C:\Program Files\MiKTeX 2.9\tex\generic\oberdiek\ifvtex.sty"
Package: ifvtex 2016/05/16 v1.6 Detect VTeX and its facilities (HO)
Package ifvtex Info: VTeX not detected.
)
("C:\Program Files\MiKTeX 2.9\tex\generic\ifxetex\ifxetex.sty"
Package: ifxetex 2010/09/12 v0.6 Provides ifxetex conditional
)
\Gm@cnth=\count100
\Gm@cntv=\count101
\c@Gm@tempcnt=\count102
\Gm@bindingoffset=\dimen112
\Gm@wd@mp=\dimen113
\Gm@odd@mp=\dimen114
\Gm@even@mp=\dimen115
\Gm@layoutwidth=\dimen116
\Gm@layoutheight=\dimen117
\Gm@layouthoffset=\dimen118
\Gm@layoutvoffset=\dimen119
\Gm@dimlist=\toks21

("C:\Program Files\MiKTeX 2.9\tex\latex\geometry\geometry.cfg"))
("C:\Program Files\MiKTeX 2.9\tex\latex\tools\indentfirst.sty"
Package: indentfirst 1995/11/23 v1.03 Indent first paragraph (DPC)
)
(C:\Users\KapustinAD\AppData\Roaming\MiKTeX\2.9\tex\latex\t2\misccorr.sty
Package: misccorr 1999/09/23 v0.1 misc corrections for russian typesetting

("C:\Program Files\MiKTeX 2.9\tex\latex\tools\enumerate.sty"
Package: enumerate 2015/07/23 v3.00 enumerate extensions (DPC)
\@enLab=\toks22
)
\c@rlistctr=\count103
)
("C:\Program Files\MiKTeX 2.9\tex\latex\tools\calc.sty"
Package: calc 2017/05/25 v4.3 Infix arithmetic (KKT,FJ)
\calc@Acount=\count104
\calc@Bcount=\count105
\calc@Adimen=\dimen120
\calc@Bdimen=\dimen121
\calc@Askip=\skip46
\calc@Bskip=\skip47
LaTeX Info: Redefining \setlength on input line 80.
LaTeX Info: Redefining \addtolength on input line 81.
\calc@Ccount=\count106
\calc@Cskip=\skip48
)
("C:\Program Files\MiKTeX 2.9\tex\generic\oberdiek\ifluatex.sty"
Package: ifluatex 2016/05/16 v1.4 Provides the ifluatex switch (HO)
Package ifluatex Info: LuaTeX not detected.
)
("C:\Program Files\MiKTeX 2.9\tex\latex\base\inputenc.sty"
Package: inputenc 2018/04/06 v1.3b Input encoding file
\inpenc@prehook=\toks23
\inpenc@posthook=\toks24
)
("C:\Program Files\MiKTeX 2.9\tex\latex\base\fontenc.sty"
Package: fontenc 2017/04/05 v2.0i Standard LaTeX package

("C:\Program Files\MiKTeX 2.9\tex\latex\cyrillic\t2aenc.def"
File: t2aenc.def 2005/09/27 v1.0i Cyrillic encoding definition file
Now handling font encoding T2A ...
... processing UTF-8 mapping file for font encoding T2A

("C:\Program Files\MiKTeX 2.9\tex\latex\base\t2aenc.dfu"
File: t2aenc.dfu 2018/04/05 v1.2c UTF-8 support for inputenc
   defining Unicode char U+00A4 (decimal 164)
   defining Unicode char U+00A7 (decimal 167)
   defining Unicode char U+00AB (decimal 171)
   defining Unicode char U+00BB (decimal 187)
   defining Unicode char U+0131 (decimal 305)
   defining Unicode char U+0400 (decimal 1024)
   defining Unicode char U+0401 (decimal 1025)
   defining Unicode char U+0402 (decimal 1026)
   defining Unicode char U+0403 (decimal 1027)
   defining Unicode char U+0404 (decimal 1028)
   defining Unicode char U+0405 (decimal 1029)
   defining Unicode char U+0406 (decimal 1030)
   defining Unicode char U+0407 (decimal 1031)
   defining Unicode char U+0408 (decimal 1032)
   defining Unicode char U+0409 (decimal 1033)
   defining Unicode char U+040A (decimal 1034)
   defining Unicode char U+040B (decimal 1035)
   defining Unicode char U+040C (decimal 1036)
   defining Unicode char U+040D (decimal 1037)
   defining Unicode char U+040E (decimal 1038)
   defining Unicode char U+040F (decimal 1039)
   defining Unicode char U+0410 (decimal 1040)
   defining Unicode char U+0411 (decimal 1041)
   defining Unicode char U+0412 (decimal 1042)
   defining Unicode char U+0413 (decimal 1043)
   defining Unicode char U+0414 (decimal 1044)
   defining Unicode char U+0415 (decimal 1045)
   defining Unicode char U+0416 (decimal 1046)
   defining Unicode char U+0417 (decimal 1047)
   defining Unicode char U+0418 (decimal 1048)
   defining Unicode char U+0419 (decimal 1049)
   defining Unicode char U+041A (decimal 1050)
   defining Unicode char U+041B (decimal 1051)
   defining Unicode char U+041C (decimal 1052)
   defining Unicode char U+041D (decimal 1053)
   defining Unicode char U+041E (decimal 1054)
   defining Unicode char U+041F (decimal 1055)
   defining Unicode char U+0420 (decimal 1056)
   defining Unicode char U+0421 (decimal 1057)
   defining Unicode char U+0422 (decimal 1058)
   defining Unicode char U+0423 (decimal 1059)
   defining Unicode char U+0424 (decimal 1060)
   defining Unicode char U+0425 (decimal 1061)
   defining Unicode char U+0426 (decimal 1062)
   defining Unicode char U+0427 (decimal 1063)
   defining Unicode char U+0428 (decimal 1064)
   defining Unicode char U+0429 (decimal 1065)
   defining Unicode char U+042A (decimal 1066)
   defining Unicode char U+042B (decimal 1067)
   defining Unicode char U+042C (decimal 1068)
   defining Unicode char U+042D (decimal 1069)
   defining Unicode char U+042E (decimal 1070)
   defining Unicode char U+042F (decimal 1071)
   defining Unicode char U+0430 (decimal 1072)
   defining Unicode char U+0431 (decimal 1073)
   defining Unicode char U+0432 (decimal 1074)
   defining Unicode char U+0433 (decimal 1075)
   defining Unicode char U+0434 (decimal 1076)
   defining Unicode char U+0435 (decimal 1077)
   defining Unicode char U+0436 (decimal 1078)
   defining Unicode char U+0437 (decimal 1079)
   defining Unicode char U+0438 (decimal 1080)
   defining Unicode char U+0439 (decimal 1081)
   defining Unicode char U+043A (decimal 1082)
   defining Unicode char U+043B (decimal 1083)
   defining Unicode char U+043C (decimal 1084)
   defining Unicode char U+043D (decimal 1085)
   defining Unicode char U+043E (decimal 1086)
   defining Unicode char U+043F (decimal 1087)
   defining Unicode char U+0440 (decimal 1088)
   defining Unicode char U+0441 (decimal 1089)
   defining Unicode char U+0442 (decimal 1090)
   defining Unicode char U+0443 (decimal 1091)
   defining Unicode char U+0444 (decimal 1092)
   defining Unicode char U+0445 (decimal 1093)
   defining Unicode char U+0446 (decimal 1094)
   defining Unicode char U+0447 (decimal 1095)
   defining Unicode char U+0448 (decimal 1096)
   defining Unicode char U+0449 (decimal 1097)
   defining Unicode char U+044A (decimal 1098)
   defining Unicode char U+044B (decimal 1099)
   defining Unicode char U+044C (decimal 1100)
   defining Unicode char U+044D (decimal 1101)
   defining Unicode char U+044E (decimal 1102)
   defining Unicode char U+044F (decimal 1103)
   defining Unicode char U+0450 (decimal 1104)
   defining Unicode char U+0451 (decimal 1105)
   defining Unicode char U+0452 (decimal 1106)
   defining Unicode char U+0453 (decimal 1107)
   defining Unicode char U+0454 (decimal 1108)
   defining Unicode char U+0455 (decimal 1109)
   defining Unicode char U+0456 (decimal 1110)
   defining Unicode char U+0457 (decimal 1111)
   defining Unicode char U+0458 (decimal 1112)
   defining Unicode char U+0459 (decimal 1113)
   defining Unicode char U+045A (decimal 1114)
   defining Unicode char U+045B (decimal 1115)
   defining Unicode char U+045C (decimal 1116)
   defining Unicode char U+045D (decimal 1117)
   defining Unicode char U+045E (decimal 1118)
   defining Unicode char U+045F (decimal 1119)
   defining Unicode char U+0490 (decimal 1168)
   defining Unicode char U+0491 (decimal 1169)
   defining Unicode char U+0492 (decimal 1170)
   defining Unicode char U+0493 (decimal 1171)
   defining Unicode char U+0496 (decimal 1174)
   defining Unicode char U+0497 (decimal 1175)
   defining Unicode char U+0498 (decimal 1176)
   defining Unicode char U+0499 (decimal 1177)
   defining Unicode char U+049A (decimal 1178)
   defining Unicode char U+049B (decimal 1179)
   defining Unicode char U+049C (decimal 1180)
   defining Unicode char U+049D (decimal 1181)
   defining Unicode char U+04A0 (decimal 1184)
   defining Unicode char U+04A1 (decimal 1185)
   defining Unicode char U+04A2 (decimal 1186)
   defining Unicode char U+04A3 (decimal 1187)
   defining Unicode char U+04A4 (decimal 1188)
   defining Unicode char U+04A5 (decimal 1189)
   defining Unicode char U+04AA (decimal 1194)
   defining Unicode char U+04AB (decimal 1195)
   defining Unicode char U+04AE (decimal 1198)
   defining Unicode char U+04AF (decimal 1199)
   defining Unicode char U+04B0 (decimal 1200)
   defining Unicode char U+04B1 (decimal 1201)
   defining Unicode char U+04B2 (decimal 1202)
   defining Unicode char U+04B3 (decimal 1203)
   defining Unicode char U+04B6 (decimal 1206)
   defining Unicode char U+04B7 (decimal 1207)
   defining Unicode char U+04B8 (decimal 1208)
   defining Unicode char U+04B9 (decimal 1209)
   defining Unicode char U+04BA (decimal 1210)
   defining Unicode char U+04BB (decimal 1211)
   defining Unicode char U+04C0 (decimal 1216)
   defining Unicode char U+04C1 (decimal 1217)
   defining Unicode char U+04C2 (decimal 1218)
   defining Unicode char U+04D0 (decimal 1232)
   defining Unicode char U+04D1 (decimal 1233)
   defining Unicode char U+04D2 (decimal 1234)
   defining Unicode char U+04D3 (decimal 1235)
   defining Unicode char U+04D4 (decimal 1236)
   defining Unicode char U+04D5 (decimal 1237)
   defining Unicode char U+04D6 (decimal 1238)
   defining Unicode char U+04D7 (decimal 1239)
   defining Unicode char U+04D8 (decimal 1240)
   defining Unicode char U+04D9 (decimal 1241)
   defining Unicode char U+04DA (decimal 1242)
   defining Unicode char U+04DB (decimal 1243)
   defining Unicode char U+04DC (decimal 1244)
   defining Unicode char U+04DD (decimal 1245)
   defining Unicode char U+04DE (decimal 1246)
   defining Unicode char U+04DF (decimal 1247)
   defining Unicode char U+04E2 (decimal 1250)
   defining Unicode char U+04E3 (decimal 1251)
   defining Unicode char U+04E4 (decimal 1252)
   defining Unicode char U+04E5 (decimal 1253)
   defining Unicode char U+04E6 (decimal 1254)
   defining Unicode char U+04E7 (decimal 1255)
   defining Unicode char U+04E8 (decimal 1256)
   defining Unicode char U+04E9 (decimal 1257)
   defining Unicode char U+04EC (decimal 1260)
   defining Unicode char U+04ED (decimal 1261)
   defining Unicode char U+04EE (decimal 1262)
   defining Unicode char U+04EF (decimal 1263)
   defining Unicode char U+04F0 (decimal 1264)
   defining Unicode char U+04F1 (decimal 1265)
   defining Unicode char U+04F2 (decimal 1266)
   defining Unicode char U+04F3 (decimal 1267)
   defining Unicode char U+04F4 (decimal 1268)
   defining Unicode char U+04F5 (decimal 1269)
   defining Unicode char U+04F8 (decimal 1272)
   defining Unicode char U+04F9 (decimal 1273)
   defining Unicode char U+200C (decimal 8204)
   defining Unicode char U+2013 (decimal 8211)
   defining Unicode char U+2014 (decimal 8212)
   defining Unicode char U+2018 (decimal 8216)
   defining Unicode char U+2019 (decimal 8217)
   defining Unicode char U+201C (decimal 8220)
   defining Unicode char U+201D (decimal 8221)
   defining Unicode char U+201E (decimal 8222)
   defining Unicode char U+2030 (decimal 8240)
   defining Unicode char U+2031 (decimal 8241)
   defining Unicode char U+2116 (decimal 8470)
   defining Unicode char U+2329 (decimal 9001)
   defining Unicode char U+232A (decimal 9002)
   defining Unicode char U+2423 (decimal 9251)
))
LaTeX Font Info:    Try loading font information for T2A+cmr on input line 105.


("C:\Program Files\MiKTeX 2.9\tex\latex\cyrillic\t2acmr.fd"
File: t2acmr.fd 2001/08/11 v1.0a Computer Modern Cyrillic font definitions
))
("C:\Program Files\MiKTeX 2.9\tex\generic\babel\babel.sty"
Package: babel 2018/06/05 3.22 The Babel package

("C:\Program Files\MiKTeX 2.9\tex\generic\babel\switch.def"
File: switch.def 2018/06/05 3.22 Babel switching mechanism
)
*************************************
* Local config file bblopts.cfg used
*
(C:\Users\KapustinAD\AppData\Roaming\MiKTeX\2.9\tex\latex\arabi\bblopts.cfg
File: bblopts.cfg 2005/09/08 v0.1 add Arabic and Farsi to "declared" options of
 babel
)
(C:\Users\KapustinAD\AppData\Roaming\MiKTeX\2.9\tex\latex\babel-russian\russian
b.ldf
Language: russian 2017/08/12 1.3j Russian support for the Babel system
 ("C:\Program Files\MiKTeX 2.9\tex\generic\babel\babel.def"
File: babel.def 2018/06/05 3.22 Babel common definitions
\babel@savecnt=\count107
\U@D=\dimen122

("C:\Program Files\MiKTeX 2.9\tex\generic\babel\txtbabel.def")
\bbl@dirlevel=\count108
)
Package babel Info: Making " an active character on input line 120.
Package babel Info: Default for \cyrdash is provided on input line 157.
))
("C:\Program Files\MiKTeX 2.9\tex\latex\hyperref\hyperref.sty"
Package: hyperref 2018/02/06 v6.86b Hypertext links for LaTeX

("C:\Program Files\MiKTeX 2.9\tex\generic\oberdiek\hobsub-hyperref.sty"
Package: hobsub-hyperref 2016/05/16 v1.14 Bundle oberdiek, subset hyperref (HO)


("C:\Program Files\MiKTeX 2.9\tex\generic\oberdiek\hobsub-generic.sty"
Package: hobsub-generic 2016/05/16 v1.14 Bundle oberdiek, subset generic (HO)
Package: hobsub 2016/05/16 v1.14 Construct package bundles (HO)
Package: infwarerr 2016/05/16 v1.4 Providing info/warning/error messages (HO)
Package: ltxcmds 2016/05/16 v1.23 LaTeX kernel commands for general use (HO)
Package hobsub Info: Skipping package `ifluatex' (already loaded).
Package hobsub Info: Skipping package `ifvtex' (already loaded).
Package: intcalc 2016/05/16 v1.2 Expandable calculations with integers (HO)
Package hobsub Info: Skipping package `ifpdf' (already loaded).
Package: etexcmds 2016/05/16 v1.6 Avoid name clashes with e-TeX commands (HO)
Package etexcmds Info: Could not find \expanded.
(etexcmds)             That can mean that you are not using pdfTeX 1.50 or
(etexcmds)             that some package has redefined \expanded.
(etexcmds)             In the latter case, load this package earlier.
Package: kvsetkeys 2016/05/16 v1.17 Key value parser (HO)
Package: kvdefinekeys 2016/05/16 v1.4 Define keys (HO)
Package: pdftexcmds 2018/01/30 v0.27 Utility functions of pdfTeX for LuaTeX (HO
)
Package pdftexcmds Info: LuaTeX not detected.
Package pdftexcmds Info: \pdf@primitive is available.
Package pdftexcmds Info: \pdf@ifprimitive is available.
Package pdftexcmds Info: \pdfdraftmode found.
Package: pdfescape 2016/05/16 v1.14 Implements pdfTeX's escape features (HO)
Package: bigintcalc 2016/05/16 v1.4 Expandable calculations on big integers (HO
)
Package: bitset 2016/05/16 v1.2 Handle bit-vector datatype (HO)
Package: uniquecounter 2016/05/16 v1.3 Provide unlimited unique counter (HO)
)
Package hobsub Info: Skipping package `hobsub' (already loaded).
Package: letltxmacro 2016/05/16 v1.5 Let assignment for LaTeX macros (HO)
Package: hopatch 2016/05/16 v1.3 Wrapper for package hooks (HO)
Package: xcolor-patch 2016/05/16 xcolor patch
Package: atveryend 2016/05/16 v1.9 Hooks at the very end of document (HO)
Package atveryend Info: \enddocument detected (standard20110627).
Package: atbegshi 2016/06/09 v1.18 At begin shipout hook (HO)
Package: refcount 2016/05/16 v3.5 Data extraction from label references (HO)
Package: hycolor 2016/05/16 v1.8 Color options for hyperref/bookmark (HO)
)
("C:\Program Files\MiKTeX 2.9\tex\latex\oberdiek\auxhook.sty"
Package: auxhook 2016/05/16 v1.4 Hooks for auxiliary files (HO)
)
("C:\Program Files\MiKTeX 2.9\tex\latex\oberdiek\kvoptions.sty"
Package: kvoptions 2016/05/16 v3.12 Key value format for package options (HO)
)
\@linkdim=\dimen123
\Hy@linkcounter=\count109
\Hy@pagecounter=\count110

("C:\Program Files\MiKTeX 2.9\tex\latex\hyperref\pd1enc.def"
File: pd1enc.def 2018/02/06 v6.86b Hyperref: PDFDocEncoding definition (HO)
Now handling font encoding PD1 ...
... no UTF-8 mapping file for font encoding PD1
)
\Hy@SavedSpaceFactor=\count111
Package hyperref Info: Option `unicode' set `true' on input line 3456.

("C:\Program Files\MiKTeX 2.9\tex\latex\hyperref\puenc.def"
File: puenc.def 2018/02/06 v6.86b Hyperref: PDF Unicode definition (HO)
Now handling font encoding PU ...
... no UTF-8 mapping file for font encoding PU
)
("C:\Program Files\MiKTeX 2.9\tex\latex\00miktex\hyperref.cfg"
File: hyperref.cfg 2002/06/06 v1.2 hyperref configuration of TeXLive
)
Package hyperref Info: Option `unicode' set `true' on input line 4383.
Package hyperref Info: Hyper figures OFF on input line 4509.
Package hyperref Info: Link nesting OFF on input line 4514.
Package hyperref Info: Hyper index ON on input line 4517.
Package hyperref Info: Plain pages OFF on input line 4524.
Package hyperref Info: Backreferencing OFF on input line 4529.
Package hyperref Info: Implicit mode ON; LaTeX internals redefined.
Package hyperref Info: Bookmarks ON on input line 4762.
\c@Hy@tempcnt=\count112

(C:\Users\KapustinAD\AppData\Roaming\MiKTeX\2.9\tex\latex\url\url.sty
\Urlmuskip=\muskip11
Package: url 2013/09/16  ver 3.4  Verb mode for urls, etc.
)
LaTeX Info: Redefining \url on input line 5115.
\XeTeXLinkMargin=\dimen124
\Fld@menulength=\count113
\Field@Width=\dimen125
\Fld@charsize=\dimen126
Package hyperref Info: Hyper figures OFF on input line 6369.
Package hyperref Info: Link nesting OFF on input line 6374.
Package hyperref Info: Hyper index ON on input line 6377.
Package hyperref Info: backreferencing OFF on input line 6384.
Package hyperref Info: Link coloring OFF on input line 6389.
Package hyperref Info: Link coloring with OCG OFF on input line 6394.
Package hyperref Info: PDF/A mode OFF on input line 6399.
LaTeX Info: Redefining \ref on input line 6439.
LaTeX Info: Redefining \pageref on input line 6443.
\Hy@abspage=\count114
\c@Item=\count115
\c@Hfootnote=\count116
)
Package hyperref Info: Driver (autodetected): hpdftex.

("C:\Program Files\MiKTeX 2.9\tex\latex\hyperref\hpdftex.def"
File: hpdftex.def 2018/02/06 v6.86b Hyperref driver for pdfTeX
\Fld@listcount=\count117
\c@bookmark@seq@number=\count118

("C:\Program Files\MiKTeX 2.9\tex\latex\oberdiek\rerunfilecheck.sty"
Package: rerunfilecheck 2016/05/16 v1.8 Rerun checks for auxiliary files (HO)
Package uniquecounter Info: New unique counter `rerunfilecheck' on input line 2
82.
)
\Hy@SectionHShift=\skip49
)
("C:\Program Files\MiKTeX 2.9\tex\latex\graphics\graphicx.sty"
Package: graphicx 2017/06/01 v1.1a Enhanced LaTeX Graphics (DPC,SPQR)

("C:\Program Files\MiKTeX 2.9\tex\latex\graphics\graphics.sty"
Package: graphics 2017/06/25 v1.2c Standard LaTeX Graphics (DPC,SPQR)

("C:\Program Files\MiKTeX 2.9\tex\latex\graphics\trig.sty"
Package: trig 2016/01/03 v1.10 sin cos tan (DPC)
)
("C:\Program Files\MiKTeX 2.9\tex\latex\graphics-cfg\graphics.cfg"
File: graphics.cfg 2016/06/04 v1.11 sample graphics configuration
)
Package graphics Info: Driver file: pdftex.def on input line 99.

("C:\Program Files\MiKTeX 2.9\tex\latex\graphics-def\pdftex.def"
File: pdftex.def 2018/01/08 v1.0l Graphics/color driver for pdftex
))
\Gin@req@height=\dimen127
\Gin@req@width=\dimen128
)
("C:\Program Files\MiKTeX 2.9\tex\latex\tools\tabularx.sty"
Package: tabularx 2016/02/03 v2.11b `tabularx' package (DPC)

("C:\Program Files\MiKTeX 2.9\tex\latex\tools\array.sty"
Package: array 2018/04/30 v2.4h Tabular extension package (FMi)
\col@sep=\dimen129
\ar@mcellbox=\box28
\extrarowheight=\dimen130
\NC@list=\toks25
\extratabsurround=\skip50
\backup@length=\skip51
\ar@cellbox=\box29
)
\TX@col@width=\dimen131
\TX@old@table=\dimen132
\TX@old@col=\dimen133
\TX@target=\dimen134
\TX@delta=\dimen135
\TX@cols=\count119
\TX@ftn=\toks26
)
(C:\Users\KapustinAD\AppData\Roaming\MiKTeX\2.9\tex\latex\makecell\makecell.sty
Package: makecell 2009/08/03 V0.1e Managing of Tab Column Heads and Cells
\rotheadsize=\dimen136
\c@nlinenum=\count120
\TeXr@lab=\toks27
)
(C:\Users\KapustinAD\AppData\Roaming\MiKTeX\2.9\tex\latex\enumitem\enumitem.sty
Package: enumitem 2011/09/28 v3.5.2 Customized lists
\labelindent=\skip52
\enit@outerparindent=\dimen137
\enit@toks=\toks28
\enit@inbox=\box30
\enitdp@description=\count121
)
\c@notask=\count122
) (../../input/preamble_tikz.tex
(C:\Users\KapustinAD\AppData\Roaming\MiKTeX\2.9\tex\latex\pgf\frontendlayer\tik
z.sty
(C:\Users\KapustinAD\AppData\Roaming\MiKTeX\2.9\tex\latex\pgf\basiclayer\pgf.st
y
(C:\Users\KapustinAD\AppData\Roaming\MiKTeX\2.9\tex\latex\pgf\utilities\pgfrcs.
sty
(C:\Users\KapustinAD\AppData\Roaming\MiKTeX\2.9\tex\generic\pgf\utilities\pgfut
il-common.tex
\pgfutil@everybye=\toks29
\pgfutil@tempdima=\dimen138
\pgfutil@tempdimb=\dimen139

(C:\Users\KapustinAD\AppData\Roaming\MiKTeX\2.9\tex\generic\pgf\utilities\pgfut
il-common-lists.tex))
(C:\Users\KapustinAD\AppData\Roaming\MiKTeX\2.9\tex\generic\pgf\utilities\pgfut
il-latex.def
\pgfutil@abb=\box31

(C:\Users\KapustinAD\AppData\Roaming\MiKTeX\2.9\tex\latex\ms\everyshi.sty
Package: everyshi 2001/05/15 v3.00 EveryShipout Package (MS)
))
(C:\Users\KapustinAD\AppData\Roaming\MiKTeX\2.9\tex\generic\pgf\utilities\pgfrc
s.code.tex
Package: pgfrcs 2015/08/07 v3.0.1a (rcs-revision 1.31)
))
Package: pgf 2015/08/07 v3.0.1a (rcs-revision 1.15)

(C:\Users\KapustinAD\AppData\Roaming\MiKTeX\2.9\tex\latex\pgf\basiclayer\pgfcor
e.sty
(C:\Users\KapustinAD\AppData\Roaming\MiKTeX\2.9\tex\latex\pgf\systemlayer\pgfsy
s.sty
(C:\Users\KapustinAD\AppData\Roaming\MiKTeX\2.9\tex\generic\pgf\systemlayer\pgf
sys.code.tex
Package: pgfsys 2014/07/09 v3.0.1a (rcs-revision 1.48)

(C:\Users\KapustinAD\AppData\Roaming\MiKTeX\2.9\tex\generic\pgf\utilities\pgfke
ys.code.tex
\pgfkeys@pathtoks=\toks30
\pgfkeys@temptoks=\toks31

(C:\Users\KapustinAD\AppData\Roaming\MiKTeX\2.9\tex\generic\pgf\utilities\pgfke
ysfiltered.code.tex
\pgfkeys@tmptoks=\toks32
))
\pgf@x=\dimen140
\pgf@y=\dimen141
\pgf@xa=\dimen142
\pgf@ya=\dimen143
\pgf@xb=\dimen144
\pgf@yb=\dimen145
\pgf@xc=\dimen146
\pgf@yc=\dimen147
\w@pgf@writea=\write3
\r@pgf@reada=\read1
\c@pgf@counta=\count123
\c@pgf@countb=\count124
\c@pgf@countc=\count125
\c@pgf@countd=\count126
\t@pgf@toka=\toks33
\t@pgf@tokb=\toks34
\t@pgf@tokc=\toks35

(C:\Users\KapustinAD\AppData\Roaming\MiKTeX\2.9\tex\generic\pgf\systemlayer\pgf
.cfg
File: pgf.cfg 2008/05/14  (rcs-revision 1.7)
)
Driver file for pgf: pgfsys-pdftex.def

(C:\Users\KapustinAD\AppData\Roaming\MiKTeX\2.9\tex\generic\pgf\systemlayer\pgf
sys-pdftex.def
File: pgfsys-pdftex.def 2014/10/11  (rcs-revision 1.35)

(C:\Users\KapustinAD\AppData\Roaming\MiKTeX\2.9\tex\generic\pgf\systemlayer\pgf
sys-common-pdf.def
File: pgfsys-common-pdf.def 2013/10/10  (rcs-revision 1.13)
)))
(C:\Users\KapustinAD\AppData\Roaming\MiKTeX\2.9\tex\generic\pgf\systemlayer\pgf
syssoftpath.code.tex
File: pgfsyssoftpath.code.tex 2013/09/09  (rcs-revision 1.9)
\pgfsyssoftpath@smallbuffer@items=\count127
\pgfsyssoftpath@bigbuffer@items=\count128
)
(C:\Users\KapustinAD\AppData\Roaming\MiKTeX\2.9\tex\generic\pgf\systemlayer\pgf
sysprotocol.code.tex
File: pgfsysprotocol.code.tex 2006/10/16  (rcs-revision 1.4)
))
(C:\Users\KapustinAD\AppData\Roaming\MiKTeX\2.9\tex\latex\xcolor\xcolor.sty
Package: xcolor 2016/05/11 v2.12 LaTeX color extensions (UK)

("C:\Program Files\MiKTeX 2.9\tex\latex\graphics-cfg\color.cfg"
File: color.cfg 2016/01/02 v1.6 sample color configuration
)
Package xcolor Info: Driver file: pdftex.def on input line 225.
Package xcolor Info: Model `cmy' substituted by `cmy0' on input line 1348.
Package xcolor Info: Model `hsb' substituted by `rgb' on input line 1352.
Package xcolor Info: Model `RGB' extended on input line 1364.
Package xcolor Info: Model `HTML' substituted by `rgb' on input line 1366.
Package xcolor Info: Model `Hsb' substituted by `hsb' on input line 1367.
Package xcolor Info: Model `tHsb' substituted by `hsb' on input line 1368.
Package xcolor Info: Model `HSB' substituted by `hsb' on input line 1369.
Package xcolor Info: Model `Gray' substituted by `gray' on input line 1370.
Package xcolor Info: Model `wave' substituted by `hsb' on input line 1371.
)
(C:\Users\KapustinAD\AppData\Roaming\MiKTeX\2.9\tex\generic\pgf\basiclayer\pgfc
ore.code.tex
Package: pgfcore 2010/04/11 v3.0.1a (rcs-revision 1.7)

(C:\Users\KapustinAD\AppData\Roaming\MiKTeX\2.9\tex\generic\pgf\math\pgfmath.co
de.tex
(C:\Users\KapustinAD\AppData\Roaming\MiKTeX\2.9\tex\generic\pgf\math\pgfmathcal
c.code.tex
(C:\Users\KapustinAD\AppData\Roaming\MiKTeX\2.9\tex\generic\pgf\math\pgfmathuti
l.code.tex)
(C:\Users\KapustinAD\AppData\Roaming\MiKTeX\2.9\tex\generic\pgf\math\pgfmathpar
ser.code.tex
\pgfmath@dimen=\dimen148
\pgfmath@count=\count129
\pgfmath@box=\box32
\pgfmath@toks=\toks36
\pgfmath@stack@operand=\toks37
\pgfmath@stack@operation=\toks38
)
(C:\Users\KapustinAD\AppData\Roaming\MiKTeX\2.9\tex\generic\pgf\math\pgfmathfun
ctions.code.tex
(C:\Users\KapustinAD\AppData\Roaming\MiKTeX\2.9\tex\generic\pgf\math\pgfmathfun
ctions.basic.code.tex)
(C:\Users\KapustinAD\AppData\Roaming\MiKTeX\2.9\tex\generic\pgf\math\pgfmathfun
ctions.trigonometric.code.tex)
(C:\Users\KapustinAD\AppData\Roaming\MiKTeX\2.9\tex\generic\pgf\math\pgfmathfun
ctions.random.code.tex)
(C:\Users\KapustinAD\AppData\Roaming\MiKTeX\2.9\tex\generic\pgf\math\pgfmathfun
ctions.comparison.code.tex)
(C:\Users\KapustinAD\AppData\Roaming\MiKTeX\2.9\tex\generic\pgf\math\pgfmathfun
ctions.base.code.tex)
(C:\Users\KapustinAD\AppData\Roaming\MiKTeX\2.9\tex\generic\pgf\math\pgfmathfun
ctions.round.code.tex)
(C:\Users\KapustinAD\AppData\Roaming\MiKTeX\2.9\tex\generic\pgf\math\pgfmathfun
ctions.misc.code.tex)
(C:\Users\KapustinAD\AppData\Roaming\MiKTeX\2.9\tex\generic\pgf\math\pgfmathfun
ctions.integerarithmetics.code.tex)))
(C:\Users\KapustinAD\AppData\Roaming\MiKTeX\2.9\tex\generic\pgf\math\pgfmathflo
at.code.tex
\c@pgfmathroundto@lastzeros=\count130
))
(C:\Users\KapustinAD\AppData\Roaming\MiKTeX\2.9\tex\generic\pgf\basiclayer\pgfc
orepoints.code.tex
File: pgfcorepoints.code.tex 2013/10/07  (rcs-revision 1.27)
\pgf@picminx=\dimen149
\pgf@picmaxx=\dimen150
\pgf@picminy=\dimen151
\pgf@picmaxy=\dimen152
\pgf@pathminx=\dimen153
\pgf@pathmaxx=\dimen154
\pgf@pathminy=\dimen155
\pgf@pathmaxy=\dimen156
\pgf@xx=\dimen157
\pgf@xy=\dimen158
\pgf@yx=\dimen159
\pgf@yy=\dimen160
\pgf@zx=\dimen161
\pgf@zy=\dimen162
)
(C:\Users\KapustinAD\AppData\Roaming\MiKTeX\2.9\tex\generic\pgf\basiclayer\pgfc
orepathconstruct.code.tex
File: pgfcorepathconstruct.code.tex 2013/10/07  (rcs-revision 1.29)
\pgf@path@lastx=\dimen163
\pgf@path@lasty=\dimen164
)
(C:\Users\KapustinAD\AppData\Roaming\MiKTeX\2.9\tex\generic\pgf\basiclayer\pgfc
orepathusage.code.tex
File: pgfcorepathusage.code.tex 2014/11/02  (rcs-revision 1.24)
\pgf@shorten@end@additional=\dimen165
\pgf@shorten@start@additional=\dimen166
)
(C:\Users\KapustinAD\AppData\Roaming\MiKTeX\2.9\tex\generic\pgf\basiclayer\pgfc
orescopes.code.tex
File: pgfcorescopes.code.tex 2015/05/08  (rcs-revision 1.46)
\pgfpic=\box33
\pgf@hbox=\box34
\pgf@layerbox@main=\box35
\pgf@picture@serial@count=\count131
)
(C:\Users\KapustinAD\AppData\Roaming\MiKTeX\2.9\tex\generic\pgf\basiclayer\pgfc
oregraphicstate.code.tex
File: pgfcoregraphicstate.code.tex 2014/11/02  (rcs-revision 1.12)
\pgflinewidth=\dimen167
)
(C:\Users\KapustinAD\AppData\Roaming\MiKTeX\2.9\tex\generic\pgf\basiclayer\pgfc
oretransformations.code.tex
File: pgfcoretransformations.code.tex 2015/08/07  (rcs-revision 1.20)
\pgf@pt@x=\dimen168
\pgf@pt@y=\dimen169
\pgf@pt@temp=\dimen170
)
(C:\Users\KapustinAD\AppData\Roaming\MiKTeX\2.9\tex\generic\pgf\basiclayer\pgfc
orequick.code.tex
File: pgfcorequick.code.tex 2008/10/09  (rcs-revision 1.3)
)
(C:\Users\KapustinAD\AppData\Roaming\MiKTeX\2.9\tex\generic\pgf\basiclayer\pgfc
oreobjects.code.tex
File: pgfcoreobjects.code.tex 2006/10/11  (rcs-revision 1.2)
)
(C:\Users\KapustinAD\AppData\Roaming\MiKTeX\2.9\tex\generic\pgf\basiclayer\pgfc
orepathprocessing.code.tex
File: pgfcorepathprocessing.code.tex 2013/09/09  (rcs-revision 1.9)
)
(C:\Users\KapustinAD\AppData\Roaming\MiKTeX\2.9\tex\generic\pgf\basiclayer\pgfc
orearrows.code.tex
File: pgfcorearrows.code.tex 2015/05/14  (rcs-revision 1.43)
\pgfarrowsep=\dimen171
)
(C:\Users\KapustinAD\AppData\Roaming\MiKTeX\2.9\tex\generic\pgf\basiclayer\pgfc
oreshade.code.tex
File: pgfcoreshade.code.tex 2013/07/15  (rcs-revision 1.15)
\pgf@max=\dimen172
\pgf@sys@shading@range@num=\count132
)
(C:\Users\KapustinAD\AppData\Roaming\MiKTeX\2.9\tex\generic\pgf\basiclayer\pgfc
oreimage.code.tex
File: pgfcoreimage.code.tex 2013/07/15  (rcs-revision 1.18)

(C:\Users\KapustinAD\AppData\Roaming\MiKTeX\2.9\tex\generic\pgf\basiclayer\pgfc
oreexternal.code.tex
File: pgfcoreexternal.code.tex 2014/07/09  (rcs-revision 1.21)
\pgfexternal@startupbox=\box36
))
(C:\Users\KapustinAD\AppData\Roaming\MiKTeX\2.9\tex\generic\pgf\basiclayer\pgfc
orelayers.code.tex
File: pgfcorelayers.code.tex 2013/07/18  (rcs-revision 1.7)
)
(C:\Users\KapustinAD\AppData\Roaming\MiKTeX\2.9\tex\generic\pgf\basiclayer\pgfc
oretransparency.code.tex
File: pgfcoretransparency.code.tex 2013/09/30  (rcs-revision 1.5)
)
(C:\Users\KapustinAD\AppData\Roaming\MiKTeX\2.9\tex\generic\pgf\basiclayer\pgfc
orepatterns.code.tex
File: pgfcorepatterns.code.tex 2013/11/07  (rcs-revision 1.5)
)))
(C:\Users\KapustinAD\AppData\Roaming\MiKTeX\2.9\tex\generic\pgf\modules\pgfmodu
leshapes.code.tex
File: pgfmoduleshapes.code.tex 2014/03/21  (rcs-revision 1.35)
\pgfnodeparttextbox=\box37
)
(C:\Users\KapustinAD\AppData\Roaming\MiKTeX\2.9\tex\generic\pgf\modules\pgfmodu
leplot.code.tex
File: pgfmoduleplot.code.tex 2015/08/03  (rcs-revision 1.13)
)
(C:\Users\KapustinAD\AppData\Roaming\MiKTeX\2.9\tex\latex\pgf\compatibility\pgf
comp-version-0-65.sty
Package: pgfcomp-version-0-65 2007/07/03 v3.0.1a (rcs-revision 1.7)
\pgf@nodesepstart=\dimen173
\pgf@nodesepend=\dimen174
)
(C:\Users\KapustinAD\AppData\Roaming\MiKTeX\2.9\tex\latex\pgf\compatibility\pgf
comp-version-1-18.sty
Package: pgfcomp-version-1-18 2007/07/23 v3.0.1a (rcs-revision 1.1)
))
(C:\Users\KapustinAD\AppData\Roaming\MiKTeX\2.9\tex\latex\pgf\utilities\pgffor.
sty
(C:\Users\KapustinAD\AppData\Roaming\MiKTeX\2.9\tex\latex\pgf\utilities\pgfkeys
.sty
(C:\Users\KapustinAD\AppData\Roaming\MiKTeX\2.9\tex\generic\pgf\utilities\pgfke
ys.code.tex))
(C:\Users\KapustinAD\AppData\Roaming\MiKTeX\2.9\tex\latex\pgf\math\pgfmath.sty
(C:\Users\KapustinAD\AppData\Roaming\MiKTeX\2.9\tex\generic\pgf\math\pgfmath.co
de.tex))
(C:\Users\KapustinAD\AppData\Roaming\MiKTeX\2.9\tex\generic\pgf\utilities\pgffo
r.code.tex
Package: pgffor 2013/12/13 v3.0.1a (rcs-revision 1.25)

(C:\Users\KapustinAD\AppData\Roaming\MiKTeX\2.9\tex\generic\pgf\math\pgfmath.co
de.tex)
\pgffor@iter=\dimen175
\pgffor@skip=\dimen176
\pgffor@stack=\toks39
\pgffor@toks=\toks40
))
(C:\Users\KapustinAD\AppData\Roaming\MiKTeX\2.9\tex\generic\pgf\frontendlayer\t
ikz\tikz.code.tex
Package: tikz 2015/08/07 v3.0.1a (rcs-revision 1.151)

(C:\Users\KapustinAD\AppData\Roaming\MiKTeX\2.9\tex\generic\pgf\libraries\pgfli
braryplothandlers.code.tex
File: pgflibraryplothandlers.code.tex 2013/08/31 v3.0.1a (rcs-revision 1.20)
\pgf@plot@mark@count=\count133
\pgfplotmarksize=\dimen177
)
\tikz@lastx=\dimen178
\tikz@lasty=\dimen179
\tikz@lastxsaved=\dimen180
\tikz@lastysaved=\dimen181
\tikzleveldistance=\dimen182
\tikzsiblingdistance=\dimen183
\tikz@figbox=\box38
\tikz@figbox@bg=\box39
\tikz@tempbox=\box40
\tikz@tempbox@bg=\box41
\tikztreelevel=\count134
\tikznumberofchildren=\count135
\tikznumberofcurrentchild=\count136
\tikz@fig@count=\count137

(C:\Users\KapustinAD\AppData\Roaming\MiKTeX\2.9\tex\generic\pgf\modules\pgfmodu
lematrix.code.tex
File: pgfmodulematrix.code.tex 2013/09/17  (rcs-revision 1.8)
\pgfmatrixcurrentrow=\count138
\pgfmatrixcurrentcolumn=\count139
\pgf@matrix@numberofcolumns=\count140
)
\tikz@expandcount=\count141

(C:\Users\KapustinAD\AppData\Roaming\MiKTeX\2.9\tex\generic\pgf\frontendlayer\t
ikz\libraries\tikzlibrarytopaths.code.tex
File: tikzlibrarytopaths.code.tex 2008/06/17 v3.0.1a (rcs-revision 1.2)
)))
(C:\Users\KapustinAD\AppData\Roaming\MiKTeX\2.9\tex\latex\pgfplots\pgfplots.sty

(C:\Users\KapustinAD\AppData\Roaming\MiKTeX\2.9\tex\generic\pgfplots\pgfplots.r
evision.tex)
Package: pgfplots 2018/03/28 v1.16 Data Visualization (1.16)

(C:\Users\KapustinAD\AppData\Roaming\MiKTeX\2.9\tex\generic\pgfplots\pgfplots.c
ode.tex
(C:\Users\KapustinAD\AppData\Roaming\MiKTeX\2.9\tex\generic\pgfplots\pgfplotsco
re.code.tex
\t@pgfplots@toka=\toks41
\t@pgfplots@tokb=\toks42
\t@pgfplots@tokc=\toks43
\pgfplots@tmpa=\dimen184
\c@pgfplots@coordindex=\count142
\c@pgfplots@scanlineindex=\count143

(C:\Users\KapustinAD\AppData\Roaming\MiKTeX\2.9\tex\generic\pgfplots\sys\pgfplo
tssysgeneric.code.tex))
(C:\Users\KapustinAD\AppData\Roaming\MiKTeX\2.9\tex\generic\pgfplots\libs\pgfpl
otslibrary.code.tex)
(C:\Users\KapustinAD\AppData\Roaming\MiKTeX\2.9\tex\generic\pgfplots\oldpgfcomp
atib\pgfplotsoldpgfsupp_loader.code.tex
(C:\Users\KapustinAD\AppData\Roaming\MiKTeX\2.9\tex\generic\pgf\libraries\pgfli
braryfpu.code.tex)
Package pgfplots: loading complementary arithmetics for your pgf version...

(C:\Users\KapustinAD\AppData\Roaming\MiKTeX\2.9\tex\generic\pgfplots\oldpgfcomp
atib\pgfplotsoldpgfsupp_pgflibraryfpu.code.tex)
(C:\Users\KapustinAD\AppData\Roaming\MiKTeX\2.9\tex\generic\pgfplots\oldpgfcomp
atib\pgfplotsoldpgfsupp_pgfmathfloat.code.tex
\c@pgfmathroundto@lastzeros=\count144
)
(C:\Users\KapustinAD\AppData\Roaming\MiKTeX\2.9\tex\generic\pgfplots\oldpgfcomp
atib\pgfplotsoldpgfsupp_leq.code.tex))
(C:\Users\KapustinAD\AppData\Roaming\MiKTeX\2.9\tex\generic\pgfplots\util\pgfpl
otsutil.code.tex
(C:\Users\KapustinAD\AppData\Roaming\MiKTeX\2.9\tex\generic\pgfplots\liststruct
ure\pgfplotsliststructure.code.tex)
(C:\Users\KapustinAD\AppData\Roaming\MiKTeX\2.9\tex\generic\pgfplots\liststruct
ure\pgfplotsliststructureext.code.tex)
(C:\Users\KapustinAD\AppData\Roaming\MiKTeX\2.9\tex\generic\pgfplots\liststruct
ure\pgfplotsarray.code.tex
\c@pgfplotsarray@tmp=\count145
)
(C:\Users\KapustinAD\AppData\Roaming\MiKTeX\2.9\tex\generic\pgfplots\liststruct
ure\pgfplotsmatrix.code.tex)
(C:\Users\KapustinAD\AppData\Roaming\MiKTeX\2.9\tex\generic\pgfplots\numtable\p
gfplotstableshared.code.tex
\c@pgfplotstable@counta=\count146
\t@pgfplotstable@a=\toks44
)
(C:\Users\KapustinAD\AppData\Roaming\MiKTeX\2.9\tex\generic\pgfplots\liststruct
ure\pgfplotsdeque.code.tex)
(C:\Users\KapustinAD\AppData\Roaming\MiKTeX\2.9\tex\generic\pgfplots\util\pgfpl
otsbinary.code.tex
(C:\Users\KapustinAD\AppData\Roaming\MiKTeX\2.9\tex\generic\pgfplots\util\pgfpl
otsbinary.data.code.tex))
(C:\Users\KapustinAD\AppData\Roaming\MiKTeX\2.9\tex\generic\pgfplots\util\pgfpl
otsutil.verb.code.tex)
(C:\Users\KapustinAD\AppData\Roaming\MiKTeX\2.9\tex\generic\pgfplots\libs\pgfli
brarypgfplots.surfshading.code.tex
\c@pgfplotslibrarysurf@no=\count147

(C:\Users\KapustinAD\AppData\Roaming\MiKTeX\2.9\tex\generic\pgfplots\sys\pgflib
rarypgfplots.surfshading.pgfsys-pdftex.def)))
(C:\Users\KapustinAD\AppData\Roaming\MiKTeX\2.9\tex\generic\pgfplots\util\pgfpl
otscolormap.code.tex
(C:\Users\KapustinAD\AppData\Roaming\MiKTeX\2.9\tex\generic\pgfplots\util\pgfpl
otscolor.code.tex))
(C:\Users\KapustinAD\AppData\Roaming\MiKTeX\2.9\tex\generic\pgfplots\pgfplotsst
ackedplots.code.tex)
(C:\Users\KapustinAD\AppData\Roaming\MiKTeX\2.9\tex\generic\pgfplots\pgfplotspl
othandlers.code.tex
(C:\Users\KapustinAD\AppData\Roaming\MiKTeX\2.9\tex\generic\pgfplots\pgfplotsme
shplothandler.code.tex
(C:\Users\KapustinAD\AppData\Roaming\MiKTeX\2.9\tex\generic\pgfplots\pgfplotsme
shplotimage.code.tex)))
(C:\Users\KapustinAD\AppData\Roaming\MiKTeX\2.9\tex\generic\pgfplots\pgfplots.s
caling.code.tex)
(C:\Users\KapustinAD\AppData\Roaming\MiKTeX\2.9\tex\generic\pgfplots\pgfplotsco
ordprocessing.code.tex)
(C:\Users\KapustinAD\AppData\Roaming\MiKTeX\2.9\tex\generic\pgfplots\pgfplots.e
rrorbars.code.tex)
(C:\Users\KapustinAD\AppData\Roaming\MiKTeX\2.9\tex\generic\pgfplots\pgfplots.m
arkers.code.tex)
(C:\Users\KapustinAD\AppData\Roaming\MiKTeX\2.9\tex\generic\pgfplots\pgfplotsti
cks.code.tex)
(C:\Users\KapustinAD\AppData\Roaming\MiKTeX\2.9\tex\generic\pgfplots\pgfplots.p
aths.code.tex)
(C:\Users\KapustinAD\AppData\Roaming\MiKTeX\2.9\tex\generic\pgf\frontendlayer\t
ikz\libraries\tikzlibrarydecorations.code.tex
(C:\Users\KapustinAD\AppData\Roaming\MiKTeX\2.9\tex\generic\pgf\modules\pgfmodu
ledecorations.code.tex
\pgfdecoratedcompleteddistance=\dimen185
\pgfdecoratedremainingdistance=\dimen186
\pgfdecoratedinputsegmentcompleteddistance=\dimen187
\pgfdecoratedinputsegmentremainingdistance=\dimen188
\pgf@decorate@distancetomove=\dimen189
\pgf@decorate@repeatstate=\count148
\pgfdecorationsegmentamplitude=\dimen190
\pgfdecorationsegmentlength=\dimen191
)
\tikz@lib@dec@box=\box42
)
(C:\Users\KapustinAD\AppData\Roaming\MiKTeX\2.9\tex\generic\pgf\frontendlayer\t
ikz\libraries\tikzlibrarydecorations.pathmorphing.code.tex
(C:\Users\KapustinAD\AppData\Roaming\MiKTeX\2.9\tex\generic\pgf\libraries\decor
ations\pgflibrarydecorations.pathmorphing.code.tex))
(C:\Users\KapustinAD\AppData\Roaming\MiKTeX\2.9\tex\generic\pgf\frontendlayer\t
ikz\libraries\tikzlibrarydecorations.pathreplacing.code.tex
(C:\Users\KapustinAD\AppData\Roaming\MiKTeX\2.9\tex\generic\pgf\libraries\decor
ations\pgflibrarydecorations.pathreplacing.code.tex))
\pgfplots@numplots=\count149
\pgfplots@xmin@reg=\dimen192
\pgfplots@xmax@reg=\dimen193
\pgfplots@ymin@reg=\dimen194
\pgfplots@ymax@reg=\dimen195
\pgfplots@zmin@reg=\dimen196
\pgfplots@zmax@reg=\dimen197
)
(C:\Users\KapustinAD\AppData\Roaming\MiKTeX\2.9\tex\generic\pgf\frontendlayer\t
ikz\libraries\tikzlibraryplotmarks.code.tex
File: tikzlibraryplotmarks.code.tex 2008/01/09 v3.0.1a (rcs-revision 1.1)

(C:\Users\KapustinAD\AppData\Roaming\MiKTeX\2.9\tex\generic\pgf\libraries\pgfli
braryplotmarks.code.tex
File: pgflibraryplotmarks.code.tex 2015/08/03 v3.0.1a (rcs-revision 1.14)
)))
(C:\Users\KapustinAD\AppData\Roaming\MiKTeX\2.9\tex\latex\wrapfig\wrapfig.sty
\wrapoverhang=\dimen198
\WF@size=\dimen199
\c@WF@wrappedlines=\count150
\WF@box=\box43
\WF@everypar=\toks45
Package: wrapfig 2003/01/31  v 3.6
)
(C:\Users\KapustinAD\AppData\Roaming\MiKTeX\2.9\tex\latex\caption\subcaption.st
y
Package: subcaption 2018/05/01 v1.1-162 Sub-captions (AR)
 (C:\Users\KapustinAD\AppData\Roaming\MiKTeX\2.9\tex\latex\caption\caption.sty
Package: caption 2018/05/01 v3.3-147 Customizing captions (AR)
(C:\Users\KapustinAD\AppData\Roaming\MiKTeX\2.9\tex\latex\caption\caption3.sty
Package: caption3 2018/05/27 v1.8a caption3 kernel (AR)
Package caption3 Info: TeX engine: e-TeX on input line 64.
\captionmargin=\dimen256
\captionmargin@=\dimen257
\captionwidth=\dimen258
\caption@tempdima=\dimen259
\caption@indent=\dimen260
\caption@parindent=\dimen261
\caption@hangindent=\dimen262
Package caption Info: Unknown document class (or package),
(caption)             standard defaults will be used.
)

Package caption Warning: Unsupported document class (or package) detected,
(caption)                usage of the caption package is not recommended.
See the caption package documentation for explanation.

Package caption Info: \@makecaption = \long macro:#1#2->\vskip \abovecaptionski
p \sbox \@tempboxa {#1. #2}\ifdim \wd \@tempboxa >\hsize #1. #2\par \else \glob
al \@minipagefalse \hb@xt@ \hsize {\hfil \box \@tempboxa \hfil }\fi \vskip \bel
owcaptionskip .
\c@ContinuedFloat=\count151
Package caption Info: hyperref package is loaded.
Package caption Info: wrapfig package is loaded.
)
\c@subfigure=\count152
\c@subtable=\count153
)
(C:\Users\KapustinAD\AppData\Roaming\MiKTeX\2.9\tex\latex\tkz-euclide\tkz-eucli
de.sty
Package: tkz-euclide 2011/06/01 1.16 c for plots 2d 

(C:\Users\KapustinAD\AppData\Roaming\MiKTeX\2.9\tex\latex\tkz-base\tkz-base.sty
Package: tkz-base 2011/06/01 1.16 c tkz-base
("C:\Program Files\MiKTeX 2.9\tex\latex\etex-pkg\etex.sty"
Package: etex 2016/08/01 v2.7 eTeX basic definition package (PEB,DPC)


Package etex Warning: Extended allocation already in use.
(etex)                etex.sty code will not be used.
(etex)                To force etex package to load, add
(etex)                \RequirePackage{etex}
(etex)                at the start of the document.

)
(C:\Users\KapustinAD\AppData\Roaming\MiKTeX\2.9\tex\generic\pgf\frontendlayer\t
ikz\libraries\tikzlibrarycalc.code.tex
File: tikzlibrarycalc.code.tex 2013/07/15 v3.0.1a (rcs-revision 1.9)
)
(C:\Users\KapustinAD\AppData\Roaming\MiKTeX\2.9\tex\generic\pgf\frontendlayer\t
ikz\libraries\tikzlibraryarrows.code.tex
File: tikzlibraryarrows.code.tex 2008/01/09 v3.0.1a (rcs-revision 1.1)

(C:\Users\KapustinAD\AppData\Roaming\MiKTeX\2.9\tex\generic\pgf\libraries\pgfli
braryarrows.code.tex
File: pgflibraryarrows.code.tex 2013/09/23 v3.0.1a (rcs-revision 1.16)
\arrowsize=\dimen263
))
(C:\Users\KapustinAD\AppData\Roaming\MiKTeX\2.9\tex\generic\pgf\frontendlayer\t
ikz\libraries\tikzlibrarypositioning.code.tex
File: tikzlibrarypositioning.code.tex 2008/10/06 v3.0.1a (rcs-revision 1.7)
)
(C:\Users\KapustinAD\AppData\Roaming\MiKTeX\2.9\tex\generic\pgf\frontendlayer\t
ikz\libraries\tikzlibraryshapes.misc.code.tex
File: tikzlibraryshapes.misc.code.tex 2008/01/09 v3.0.1a (rcs-revision 1.1)

(C:\Users\KapustinAD\AppData\Roaming\MiKTeX\2.9\tex\generic\pgf\libraries\shape
s\pgflibraryshapes.misc.code.tex
File: pgflibraryshapes.misc.code.tex 2013/07/18 v3.0.1a (rcs-revision 1.5)
))
(C:\Users\KapustinAD\AppData\Roaming\MiKTeX\2.9\tex\generic\pgf\frontendlayer\t
ikz\libraries\tikzlibrarydecorations.markings.code.tex
(C:\Users\KapustinAD\AppData\Roaming\MiKTeX\2.9\tex\generic\pgf\libraries\decor
ations\pgflibrarydecorations.markings.code.tex))
(C:\Users\KapustinAD\AppData\Roaming\MiKTeX\2.9\tex\generic\pgf\frontendlayer\t
ikz\libraries\tikzlibrarypatterns.code.tex
File: tikzlibrarypatterns.code.tex 2008/01/15 v3.0.1a (rcs-revision 1.2)

(C:\Users\KapustinAD\AppData\Roaming\MiKTeX\2.9\tex\generic\pgf\libraries\pgfli
brarypatterns.code.tex
File: pgflibrarypatterns.code.tex 2008/03/03 v3.0.1a (rcs-revision 1.13)
))
(C:\Users\KapustinAD\AppData\Roaming\MiKTeX\2.9\tex\latex\numprint\numprint.sty
Package: numprint 2012/08/20 v1.39 Print numbers (HH)
\c@nprt@mantissa@digitsbefore=\count154
\c@nprt@mantissa@digitsafter=\count155
\c@nprt@exponent@digitsbefore=\count156
\c@nprt@exponent@digitsafter=\count157
\nprt@digitwidth=\skip53
\nprt@sepwidth=\skip54
\nprt@decimalwidth=\skip55
\nprt@blockwidth=\skip56
\nprt@digittoks=\toks46
\nprt@pretoks=\toks47
\nprt@posttoks=\toks48
\nprt@thisdigit=\count158
\nprt@curpos=\count159
\nprt@rndpos=\count160
\c@nprt@digitsfirstblock=\count161
\c@nprt@blockcnt=\count162
\c@nprt@cntprint=\count163
No configuration file `numprint.cfg' found.)
(C:\Users\KapustinAD\AppData\Roaming\MiKTeX\2.9\tex\latex\fp\fp.sty
Package: fp 1995/04/02

`Fixed Point Package', Version 0.8, April 2, 1995 (C) Michael Mehlich
(C:\Users\KapustinAD\AppData\Roaming\MiKTeX\2.9\tex\latex\fp\defpattern.sty
Package: defpattern 1994/10/12
\actioncount=\count164
)
(C:\Users\KapustinAD\AppData\Roaming\MiKTeX\2.9\tex\latex\fp\fp-basic.sty
Package: fp-basic 1996/05/13
\FP@xs=\count165
\FP@xia=\count166
\FP@xib=\count167
\FP@xfa=\count168
\FP@xfb=\count169
\FP@rega=\count170
\FP@regb=\count171
\FP@regs=\count172
\FP@times=\count173
)
(C:\Users\KapustinAD\AppData\Roaming\MiKTeX\2.9\tex\latex\fp\fp-addons.sty
Package: fp-addons 1995/03/15
)
(C:\Users\KapustinAD\AppData\Roaming\MiKTeX\2.9\tex\latex\fp\fp-snap.sty
Package: fp-snap 1995/04/05
)
(C:\Users\KapustinAD\AppData\Roaming\MiKTeX\2.9\tex\latex\fp\fp-exp.sty
Package: fp-exp 1995/04/03
)
(C:\Users\KapustinAD\AppData\Roaming\MiKTeX\2.9\tex\latex\fp\fp-trigo.sty
Package: fp-trigo 1995/04/14
)
(C:\Users\KapustinAD\AppData\Roaming\MiKTeX\2.9\tex\latex\fp\fp-pas.sty
Package: fp-pas 1994/08/29
)
(C:\Users\KapustinAD\AppData\Roaming\MiKTeX\2.9\tex\latex\fp\fp-random.sty
Package: fp-random 1995/02/23
\FPseed=\count174
)
(C:\Users\KapustinAD\AppData\Roaming\MiKTeX\2.9\tex\latex\fp\fp-eqn.sty
Package: fp-eqn 1995/04/03
)
(C:\Users\KapustinAD\AppData\Roaming\MiKTeX\2.9\tex\latex\fp\fp-upn.sty
Package: fp-upn 1996/10/21
)
(C:\Users\KapustinAD\AppData\Roaming\MiKTeX\2.9\tex\latex\fp\fp-eval.sty
Package: fp-eval 1995/04/03
))
\tkzRadius=\dimen264
\tkzLength=\dimen265
\tkz@radi=\dimen266
\tkz@ax=\dimen267
\tkz@ay=\dimen268
\tkz@bx=\dimen269
\tkz@by=\dimen270
\tkz@cx=\dimen271
\tkz@cy=\dimen272
\tkz@dx=\dimen273
\tkz@dy=\dimen274

(C:\Users\KapustinAD\AppData\Roaming\MiKTeX\2.9\tex\latex\tkz-base\tkz-tools-ut
ilities.tex)
(C:\Users\KapustinAD\AppData\Roaming\MiKTeX\2.9\tex\latex\tkz-base\tkz-tools-ar
ith.tex
File: tkz-tool-arith.tex tkz-tool-arith 1.161 c
)
(C:\Users\KapustinAD\AppData\Roaming\MiKTeX\2.9\tex\latex\tkz-base\tkz-tools-ba
se.tex)
(C:\Users\KapustinAD\AppData\Roaming\MiKTeX\2.9\tex\latex\tkz-base\tkz-tools-mi
sc.tex)
(C:\Users\KapustinAD\AppData\Roaming\MiKTeX\2.9\tex\latex\tkz-base\tkz-tools-ma
th.tex)
(C:\Users\KapustinAD\AppData\Roaming\MiKTeX\2.9\tex\latex\tkz-base\tkz-obj-poin
ts.tex)
(C:\Users\KapustinAD\AppData\Roaming\MiKTeX\2.9\tex\latex\tkz-base\tkz-obj-segm
ents.tex)
(C:\Users\KapustinAD\AppData\Roaming\MiKTeX\2.9\tex\latex\tkz-base\tkz-obj-mark
s.tex
\tkz@cntmk=\count175
))
(C:\Users\KapustinAD\AppData\Roaming\MiKTeX\2.9\tex\latex\tkz-euclide\tkz-tools
-intersections.tex)
(C:\Users\KapustinAD\AppData\Roaming\MiKTeX\2.9\tex\latex\tkz-euclide\tkz-tools
-transformations.tex)
(C:\Users\KapustinAD\AppData\Roaming\MiKTeX\2.9\tex\latex\tkz-euclide\tkz-obj-l
ines.tex)
(C:\Users\KapustinAD\AppData\Roaming\MiKTeX\2.9\tex\latex\tkz-euclide\tkz-lib-s
ymbols.tex)
(C:\Users\KapustinAD\AppData\Roaming\MiKTeX\2.9\tex\latex\tkz-euclide\tkz-obj-c
ircles.tex)
(C:\Users\KapustinAD\AppData\Roaming\MiKTeX\2.9\tex\latex\tkz-euclide\tkz-obj-a
ddpoints.tex))
(C:\Users\KapustinAD\AppData\Roaming\MiKTeX\2.9\tex\latex\tkz-euclide\tkz-obj-p
olygons.tex)
(C:\Users\KapustinAD\AppData\Roaming\MiKTeX\2.9\tex\latex\tkz-euclide\tkz-obj-v
ectors.tex)
(C:\Users\KapustinAD\AppData\Roaming\MiKTeX\2.9\tex\latex\tkz-euclide\tkz-obj-a
rcs.tex)
(C:\Users\KapustinAD\AppData\Roaming\MiKTeX\2.9\tex\latex\tkz-euclide\tkz-obj-s
ectors.tex)
(C:\Users\KapustinAD\AppData\Roaming\MiKTeX\2.9\tex\latex\tkz-euclide\tkz-obj-a
ngles.tex)
(C:\Users\KapustinAD\AppData\Roaming\MiKTeX\2.9\tex\latex\tkz-euclide\tkz-obj-p
rotractor.tex)
(C:\Users\KapustinAD\AppData\Roaming\MiKTeX\2.9\tex\generic\pgf\libraries\pgfli
braryarrows.meta.code.tex
File: pgflibraryarrows.meta.code.tex 2015/05/13 v3.0.1a (rcs-revision 1.13)
\pgfarrowinset=\dimen275
\pgfarrowlength=\dimen276
\pgfarrowwidth=\dimen277
\pgfarrowlinewidth=\dimen278
)
(C:\Users\KapustinAD\AppData\Roaming\MiKTeX\2.9\tex\generic\pgf\frontendlayer\t
ikz\libraries\tikzlibrarybending.code.tex
File: tikzlibrarybending.code.tex 2013/09/17 v3.0.1a (rcs-revision 1.2)

(C:\Users\KapustinAD\AppData\Roaming\MiKTeX\2.9\tex\generic\pgf\modules\pgfmodu
lebending.code.tex
File: pgfmodulebending.code.tex 2013/09/30 v3.0.1a (rcs-revision 1.18)

(C:\Users\KapustinAD\AppData\Roaming\MiKTeX\2.9\tex\generic\pgf\modules\pgfmodu
lenonlineartransformations.code.tex
File: pgfmodulenonlineartransformations.code.tex 2013/10/09 v3.0.1a (rcs-revisi
on 1.4)
\pgftransformnonlinearflatness=\dimen279
)
(C:\Users\KapustinAD\AppData\Roaming\MiKTeX\2.9\tex\generic\pgf\libraries\pgfli
brarycurvilinear.code.tex
File: pgflibrarycurvilinear.code.tex 2015/05/14 v3.0.1a (rcs-revision 1.4)
\pgf@curvilinear@time@a=\dimen280
\pgf@curvilinear@length@a=\dimen281
\pgf@curvilinear@length@b=\dimen282
\pgf@curvilinear@length@c=\dimen283
\pgf@curvilinear@length@d=\dimen284
)
\pgf@arrows@the@rigidity=\dimen285
))
(C:\Users\KapustinAD\AppData\Roaming\MiKTeX\2.9\tex\generic\pgf\frontendlayer\t
ikz\libraries\tikzlibraryintersections.code.tex
(C:\Users\KapustinAD\AppData\Roaming\MiKTeX\2.9\tex\generic\pgf\libraries\pgfli
braryintersections.code.tex
\pgf@intersect@solutions=\count176
))
(C:\Users\KapustinAD\AppData\Roaming\MiKTeX\2.9\tex\generic\pgf\frontendlayer\t
ikz\libraries\tikzlibrarydecorations.text.code.tex
(C:\Users\KapustinAD\AppData\Roaming\MiKTeX\2.9\tex\generic\pgf\libraries\decor
ations\pgflibrarydecorations.text.code.tex
\pgf@lib@dec@text@box=\box44
)
\tikz@lib@dec@te@box=\box45
)
(C:\Users\KapustinAD\AppData\Roaming\MiKTeX\2.9\tex\generic\pgf\frontendlayer\t
ikz\libraries\tikzlibraryshapes.code.tex
File: tikzlibraryshapes.code.tex 2008/01/09 v3.0.1a (rcs-revision 1.1)

(C:\Users\KapustinAD\AppData\Roaming\MiKTeX\2.9\tex\generic\pgf\frontendlayer\t
ikz\libraries\tikzlibraryshapes.geometric.code.tex
File: tikzlibraryshapes.geometric.code.tex 2008/01/09 v3.0.1a (rcs-revision 1.1
)

(C:\Users\KapustinAD\AppData\Roaming\MiKTeX\2.9\tex\generic\pgf\libraries\shape
s\pgflibraryshapes.geometric.code.tex
File: pgflibraryshapes.geometric.code.tex 2008/06/26 v3.0.1a (rcs-revision 1.1)

))
(C:\Users\KapustinAD\AppData\Roaming\MiKTeX\2.9\tex\generic\pgf\frontendlayer\t
ikz\libraries\tikzlibraryshapes.symbols.code.tex
File: tikzlibraryshapes.symbols.code.tex 2008/01/09 v3.0.1a (rcs-revision 1.1)

(C:\Users\KapustinAD\AppData\Roaming\MiKTeX\2.9\tex\generic\pgf\libraries\shape
s\pgflibraryshapes.symbols.code.tex
File: pgflibraryshapes.symbols.code.tex 2013/09/11 v3.0.1a (rcs-revision 1.6)
))
(C:\Users\KapustinAD\AppData\Roaming\MiKTeX\2.9\tex\generic\pgf\frontendlayer\t
ikz\libraries\tikzlibraryshapes.arrows.code.tex
File: tikzlibraryshapes.arrows.code.tex 2008/01/09 v3.0.1a (rcs-revision 1.1)

(C:\Users\KapustinAD\AppData\Roaming\MiKTeX\2.9\tex\generic\pgf\libraries\shape
s\pgflibraryshapes.arrows.code.tex
File: pgflibraryshapes.arrows.code.tex 2008/06/26 v3.0.1a (rcs-revision 1.1)
))
(C:\Users\KapustinAD\AppData\Roaming\MiKTeX\2.9\tex\generic\pgf\frontendlayer\t
ikz\libraries\tikzlibraryshapes.callouts.code.tex
(C:\Users\KapustinAD\AppData\Roaming\MiKTeX\2.9\tex\generic\pgf\libraries\shape
s\pgflibraryshapes.callouts.code.tex))
(C:\Users\KapustinAD\AppData\Roaming\MiKTeX\2.9\tex\generic\pgf\frontendlayer\t
ikz\libraries\tikzlibraryshapes.multipart.code.tex
File: tikzlibraryshapes.multipart.code.tex 2008/01/09 v3.0.1a (rcs-revision 1.1
)

(C:\Users\KapustinAD\AppData\Roaming\MiKTeX\2.9\tex\generic\pgf\libraries\shape
s\pgflibraryshapes.multipart.code.tex
File: pgflibraryshapes.multipart.code.tex 2010/01/07 v3.0.1a (rcs-revision 1.2)

\pgfnodepartlowerbox=\box46
\pgfnodeparttwobox=\box47
\pgfnodepartthreebox=\box48
\pgfnodepartfourbox=\box49
\pgfnodeparttwentybox=\box50
\pgfnodepartnineteenbox=\box51
\pgfnodeparteighteenbox=\box52
\pgfnodepartseventeenbox=\box53
\pgfnodepartsixteenbox=\box54
\pgfnodepartfifteenbox=\box55
\pgfnodepartfourteenbox=\box56
\pgfnodepartthirteenbox=\box57
\pgfnodeparttwelvebox=\box58
\pgfnodepartelevenbox=\box59
\pgfnodeparttenbox=\box60
\pgfnodepartninebox=\box61
\pgfnodeparteightbox=\box62
\pgfnodepartsevenbox=\box63
\pgfnodepartsixbox=\box64
\pgfnodepartfivebox=\box65
)))
(C:\Users\KapustinAD\AppData\Roaming\MiKTeX\2.9\tex\generic\pgf\frontendlayer\t
ikz\libraries\tikzlibrarythrough.code.tex
File: tikzlibrarythrough.code.tex 2008/02/03 v3.0.1a (rcs-revision 1.1)
)
(C:\Users\KapustinAD\AppData\Roaming\MiKTeX\2.9\tex\generic\pgf\frontendlayer\t
ikz\libraries\tikzlibraryquotes.code.tex
File: tikzlibraryquotes.code.tex 2014/03/21 v3.0.1a (rcs-revision 1.4)
)
(C:\Users\KapustinAD\AppData\Roaming\MiKTeX\2.9\tex\generic\pgf\frontendlayer\t
ikz\libraries\tikzlibraryangles.code.tex
File: tikzlibraryangles.code.tex 2013/08/28 v3.0.1a (rcs-revision 1.1)
)
(C:\Users\KapustinAD\AppData\Roaming\MiKTeX\2.9\tex\generic\pgfplots\oldpgfplot
scompatib\tikzlibrarydateplot.code.tex
(C:\Users\KapustinAD\AppData\Roaming\MiKTeX\2.9\tex\generic\pgfplots\libs\tikzl
ibrarypgfplots.dateplot.code.tex
(C:\Users\KapustinAD\AppData\Roaming\MiKTeX\2.9\tex\latex\pgf\utilities\pgfcale
ndar.sty
(C:\Users\KapustinAD\AppData\Roaming\MiKTeX\2.9\tex\generic\pgf\utilities\pgfca
lendar.code.tex
File: pgfcalendar.code.tex 2007/07/23 v3.0.1a (rcs-revision 1.11)
\pgfcalendarcurrentjulian=\count177
))))
(C:\Users\KapustinAD\AppData\Roaming\MiKTeX\2.9\tex\generic\pgf\frontendlayer\t
ikz\libraries\circuits\tikzlibrarycircuits.ee.code.tex
(C:\Users\KapustinAD\AppData\Roaming\MiKTeX\2.9\tex\generic\pgf\frontendlayer\t
ikz\libraries\circuits\tikzlibrarycircuits.code.tex
\tikz@lib@circ@count=\count178
\tikzcircuitssizeunit=\dimen286
)
(C:\Users\KapustinAD\AppData\Roaming\MiKTeX\2.9\tex\generic\pgf\libraries\shape
s\circuits\pgflibraryshapes.gates.ee.code.tex))
(C:\Users\KapustinAD\AppData\Roaming\MiKTeX\2.9\tex\generic\pgf\frontendlayer\t
ikz\libraries\circuits\tikzlibrarycircuits.ee.IEC.code.tex
(C:\Users\KapustinAD\AppData\Roaming\MiKTeX\2.9\tex\generic\pgf\libraries\shape
s\circuits\pgflibraryshapes.gates.ee.IEC.code.tex)))
(../../input/preamble_headers.tex
("C:\Program Files\MiKTeX 2.9\tex\latex\base\ifthen.sty"
Package: ifthen 2014/09/29 v1.1c Standard LaTeX ifthen package (DPC)
))
(../../input/preamble_grading.tex
(C:\Users\KapustinAD\AppData\Roaming\MiKTeX\2.9\tex\latex\xstring\xstring.sty
(C:\Users\KapustinAD\AppData\Roaming\MiKTeX\2.9\tex\generic\xstring\xstring.tex
\@xs@message=\write4
\integerpart=\count179
\decimalpart=\count180
)
Package: xstring 2013/10/13  v1.7c  String manipulations (C Tellechea)
)
(C:\Users\KapustinAD\AppData\Roaming\MiKTeX\2.9\tex\latex\titlesec\titlesec.sty
Package: titlesec 2016/03/21 v2.10.2 Sectioning titles
\ttl@box=\box66
\beforetitleunit=\skip57
\aftertitleunit=\skip58
\ttl@plus=\dimen287
\ttl@minus=\dimen288
\ttl@toksa=\toks49
\titlewidth=\dimen289
\titlewidthlast=\dimen290
\titlewidthfirst=\dimen291
)) ("C:\Program Files\MiKTeX 2.9\tex\latex\libertine\libertine.sty"
Package: libertine 2018/01/03 (Bob Tennent) Supports Libertine and Biolinum fon
ts for all LaTeX engines.

("C:\Program Files\MiKTeX 2.9\tex\latex\xkeyval\xkeyval.sty"
Package: xkeyval 2014/12/03 v2.7a package option processing (HA)

("C:\Program Files\MiKTeX 2.9\tex\generic\xkeyval\xkeyval.tex"
("C:\Program Files\MiKTeX 2.9\tex\generic\xkeyval\xkvutils.tex"
\XKV@toks=\toks50
\XKV@tempa@toks=\toks51
)
\XKV@depth=\count181
File: xkeyval.tex 2014/12/03 v2.7a key=value parser (HA)
))
("C:\Program Files\MiKTeX 2.9\tex\latex\base\textcomp.sty"
Package: textcomp 2017/04/05 v2.0i Standard LaTeX package
Package textcomp Info: Sub-encoding information:
(textcomp)               5 = only ISO-Adobe without \textcurrency
(textcomp)               4 = 5 + \texteuro
(textcomp)               3 = 4 + \textohm
(textcomp)               2 = 3 + \textestimated + \textcurrency
(textcomp)               1 = TS1 - \textcircled - \t
(textcomp)               0 = TS1 (full)
(textcomp)             Font families with sub-encoding setting implement
(textcomp)             only a restricted character set as indicated.
(textcomp)             Family '?' is the default used for unknown fonts.
(textcomp)             See the documentation for details.
Package textcomp Info: Setting ? sub-encoding to TS1/1 on input line 79.

("C:\Program Files\MiKTeX 2.9\tex\latex\base\ts1enc.def"
File: ts1enc.def 2001/06/05 v3.0e (jk/car/fm) Standard LaTeX file
Now handling font encoding TS1 ...
... processing UTF-8 mapping file for font encoding TS1

("C:\Program Files\MiKTeX 2.9\tex\latex\base\ts1enc.dfu"
File: ts1enc.dfu 2018/04/05 v1.2c UTF-8 support for inputenc
   defining Unicode char U+00A2 (decimal 162)
   defining Unicode char U+00A3 (decimal 163)
   defining Unicode char U+00A4 (decimal 164)
   defining Unicode char U+00A5 (decimal 165)
   defining Unicode char U+00A6 (decimal 166)
   defining Unicode char U+00A7 (decimal 167)
   defining Unicode char U+00A8 (decimal 168)
   defining Unicode char U+00A9 (decimal 169)
   defining Unicode char U+00AA (decimal 170)
   defining Unicode char U+00AC (decimal 172)
   defining Unicode char U+00AE (decimal 174)
   defining Unicode char U+00AF (decimal 175)
   defining Unicode char U+00B0 (decimal 176)
   defining Unicode char U+00B1 (decimal 177)
   defining Unicode char U+00B2 (decimal 178)
   defining Unicode char U+00B3 (decimal 179)
   defining Unicode char U+00B4 (decimal 180)
   defining Unicode char U+00B5 (decimal 181)
   defining Unicode char U+00B6 (decimal 182)
   defining Unicode char U+00B7 (decimal 183)
   defining Unicode char U+00B9 (decimal 185)
   defining Unicode char U+00BA (decimal 186)
   defining Unicode char U+00BC (decimal 188)
   defining Unicode char U+00BD (decimal 189)
   defining Unicode char U+00BE (decimal 190)
   defining Unicode char U+00D7 (decimal 215)
   defining Unicode char U+00F7 (decimal 247)
   defining Unicode char U+0192 (decimal 402)
   defining Unicode char U+02C7 (decimal 711)
   defining Unicode char U+02D8 (decimal 728)
   defining Unicode char U+02DD (decimal 733)
   defining Unicode char U+0E3F (decimal 3647)
   defining Unicode char U+2016 (decimal 8214)
   defining Unicode char U+2020 (decimal 8224)
   defining Unicode char U+2021 (decimal 8225)
   defining Unicode char U+2022 (decimal 8226)
   defining Unicode char U+2030 (decimal 8240)
   defining Unicode char U+2031 (decimal 8241)
   defining Unicode char U+203B (decimal 8251)
   defining Unicode char U+203D (decimal 8253)
   defining Unicode char U+2044 (decimal 8260)
   defining Unicode char U+204E (decimal 8270)
   defining Unicode char U+2052 (decimal 8274)
   defining Unicode char U+20A1 (decimal 8353)
   defining Unicode char U+20A4 (decimal 8356)
   defining Unicode char U+20A6 (decimal 8358)
   defining Unicode char U+20A9 (decimal 8361)
   defining Unicode char U+20AB (decimal 8363)
   defining Unicode char U+20AC (decimal 8364)
   defining Unicode char U+20B1 (decimal 8369)
   defining Unicode char U+2103 (decimal 8451)
   defining Unicode char U+2116 (decimal 8470)
   defining Unicode char U+2117 (decimal 8471)
   defining Unicode char U+211E (decimal 8478)
   defining Unicode char U+2120 (decimal 8480)
   defining Unicode char U+2122 (decimal 8482)
   defining Unicode char U+2126 (decimal 8486)
   defining Unicode char U+2127 (decimal 8487)
   defining Unicode char U+212E (decimal 8494)
   defining Unicode char U+2190 (decimal 8592)
   defining Unicode char U+2191 (decimal 8593)
   defining Unicode char U+2192 (decimal 8594)
   defining Unicode char U+2193 (decimal 8595)
   defining Unicode char U+2329 (decimal 9001)
   defining Unicode char U+232A (decimal 9002)
   defining Unicode char U+2422 (decimal 9250)
   defining Unicode char U+25E6 (decimal 9702)
   defining Unicode char U+25EF (decimal 9711)
   defining Unicode char U+266A (decimal 9834)
   defining Unicode char U+FEFF (decimal 65279)
))
LaTeX Info: Redefining \oldstylenums on input line 334.
Package textcomp Info: Setting cmr sub-encoding to TS1/0 on input line 349.
Package textcomp Info: Setting cmss sub-encoding to TS1/0 on input line 350.
Package textcomp Info: Setting cmtt sub-encoding to TS1/0 on input line 351.
Package textcomp Info: Setting cmvtt sub-encoding to TS1/0 on input line 352.
Package textcomp Info: Setting cmbr sub-encoding to TS1/0 on input line 353.
Package textcomp Info: Setting cmtl sub-encoding to TS1/0 on input line 354.
Package textcomp Info: Setting ccr sub-encoding to TS1/0 on input line 355.
Package textcomp Info: Setting ptm sub-encoding to TS1/4 on input line 356.
Package textcomp Info: Setting pcr sub-encoding to TS1/4 on input line 357.
Package textcomp Info: Setting phv sub-encoding to TS1/4 on input line 358.
Package textcomp Info: Setting ppl sub-encoding to TS1/3 on input line 359.
Package textcomp Info: Setting pag sub-encoding to TS1/4 on input line 360.
Package textcomp Info: Setting pbk sub-encoding to TS1/4 on input line 361.
Package textcomp Info: Setting pnc sub-encoding to TS1/4 on input line 362.
Package textcomp Info: Setting pzc sub-encoding to TS1/4 on input line 363.
Package textcomp Info: Setting bch sub-encoding to TS1/4 on input line 364.
Package textcomp Info: Setting put sub-encoding to TS1/5 on input line 365.
Package textcomp Info: Setting uag sub-encoding to TS1/5 on input line 366.
Package textcomp Info: Setting ugq sub-encoding to TS1/5 on input line 367.
Package textcomp Info: Setting ul8 sub-encoding to TS1/4 on input line 368.
Package textcomp Info: Setting ul9 sub-encoding to TS1/4 on input line 369.
Package textcomp Info: Setting augie sub-encoding to TS1/5 on input line 370.
Package textcomp Info: Setting dayrom sub-encoding to TS1/3 on input line 371.
Package textcomp Info: Setting dayroms sub-encoding to TS1/3 on input line 372.

Package textcomp Info: Setting pxr sub-encoding to TS1/0 on input line 373.
Package textcomp Info: Setting pxss sub-encoding to TS1/0 on input line 374.
Package textcomp Info: Setting pxtt sub-encoding to TS1/0 on input line 375.
Package textcomp Info: Setting txr sub-encoding to TS1/0 on input line 376.
Package textcomp Info: Setting txss sub-encoding to TS1/0 on input line 377.
Package textcomp Info: Setting txtt sub-encoding to TS1/0 on input line 378.
Package textcomp Info: Setting lmr sub-encoding to TS1/0 on input line 379.
Package textcomp Info: Setting lmdh sub-encoding to TS1/0 on input line 380.
Package textcomp Info: Setting lmss sub-encoding to TS1/0 on input line 381.
Package textcomp Info: Setting lmssq sub-encoding to TS1/0 on input line 382.
Package textcomp Info: Setting lmvtt sub-encoding to TS1/0 on input line 383.
Package textcomp Info: Setting lmtt sub-encoding to TS1/0 on input line 384.
Package textcomp Info: Setting qhv sub-encoding to TS1/0 on input line 385.
Package textcomp Info: Setting qag sub-encoding to TS1/0 on input line 386.
Package textcomp Info: Setting qbk sub-encoding to TS1/0 on input line 387.
Package textcomp Info: Setting qcr sub-encoding to TS1/0 on input line 388.
Package textcomp Info: Setting qcs sub-encoding to TS1/0 on input line 389.
Package textcomp Info: Setting qpl sub-encoding to TS1/0 on input line 390.
Package textcomp Info: Setting qtm sub-encoding to TS1/0 on input line 391.
Package textcomp Info: Setting qzc sub-encoding to TS1/0 on input line 392.
Package textcomp Info: Setting qhvc sub-encoding to TS1/0 on input line 393.
Package textcomp Info: Setting futs sub-encoding to TS1/4 on input line 394.
Package textcomp Info: Setting futx sub-encoding to TS1/4 on input line 395.
Package textcomp Info: Setting futj sub-encoding to TS1/4 on input line 396.
Package textcomp Info: Setting hlh sub-encoding to TS1/3 on input line 397.
Package textcomp Info: Setting hls sub-encoding to TS1/3 on input line 398.
Package textcomp Info: Setting hlst sub-encoding to TS1/3 on input line 399.
Package textcomp Info: Setting hlct sub-encoding to TS1/5 on input line 400.
Package textcomp Info: Setting hlx sub-encoding to TS1/5 on input line 401.
Package textcomp Info: Setting hlce sub-encoding to TS1/5 on input line 402.
Package textcomp Info: Setting hlcn sub-encoding to TS1/5 on input line 403.
Package textcomp Info: Setting hlcw sub-encoding to TS1/5 on input line 404.
Package textcomp Info: Setting hlcf sub-encoding to TS1/5 on input line 405.
Package textcomp Info: Setting pplx sub-encoding to TS1/3 on input line 406.
Package textcomp Info: Setting pplj sub-encoding to TS1/3 on input line 407.
Package textcomp Info: Setting ptmx sub-encoding to TS1/4 on input line 408.
Package textcomp Info: Setting ptmj sub-encoding to TS1/4 on input line 409.
)
(C:\Users\KapustinAD\AppData\Roaming\MiKTeX\2.9\tex\latex\mweights\mweights.sty
Package: mweights 2017/03/30 (Bob Tennent) Support package for multiple-weight 
font packages. 
LaTeX Info: Redefining \bfseries on input line 22.
LaTeX Info: Redefining \mdseries on input line 30.
LaTeX Info: Redefining \rmfamily on input line 38.
LaTeX Info: Redefining \sffamily on input line 66.
LaTeX Info: Redefining \ttfamily on input line 94.
) ("C:\Program Files\MiKTeX 2.9\tex\latex\base\fontenc.sty"
Package: fontenc 2017/04/05 v2.0i Standard LaTeX package
)
(C:\Users\KapustinAD\AppData\Roaming\MiKTeX\2.9\tex\latex\fontaxes\fontaxes.sty
Package: fontaxes 2014/03/23 v1.0d Font selection axes
LaTeX Info: Redefining \upshape on input line 29.
LaTeX Info: Redefining \itshape on input line 31.
LaTeX Info: Redefining \slshape on input line 33.
LaTeX Info: Redefining \scshape on input line 37.
)
LaTeX Info: Redefining \oldstylenums on input line 490.
 ("C:\Program Files\MiKTeX 2.9\tex\latex\libertine\LinLibertine_I.tex"))
(s08-2019reg.aux)
\openout1 = `s08-2019reg.aux'.

LaTeX Font Info:    Checking defaults for OML/cmm/m/it on input line 6.
LaTeX Font Info:    ... okay on input line 6.
LaTeX Font Info:    Checking defaults for T1/cmr/m/n on input line 6.
LaTeX Font Info:    ... okay on input line 6.
LaTeX Font Info:    Checking defaults for OT1/cmr/m/n on input line 6.
LaTeX Font Info:    ... okay on input line 6.
LaTeX Font Info:    Checking defaults for OMS/cmsy/m/n on input line 6.
LaTeX Font Info:    ... okay on input line 6.
LaTeX Font Info:    Checking defaults for OMX/cmex/m/n on input line 6.
LaTeX Font Info:    ... okay on input line 6.
LaTeX Font Info:    Checking defaults for U/cmr/m/n on input line 6.
LaTeX Font Info:    ... okay on input line 6.
LaTeX Font Info:    Checking defaults for T2A/cmr/m/n on input line 6.
LaTeX Font Info:    ... okay on input line 6.
LaTeX Font Info:    Checking defaults for PD1/pdf/m/n on input line 6.
LaTeX Font Info:    ... okay on input line 6.
LaTeX Font Info:    Checking defaults for PU/pdf/m/n on input line 6.
LaTeX Font Info:    ... okay on input line 6.
LaTeX Font Info:    Checking defaults for TS1/cmr/m/n on input line 6.
LaTeX Font Info:    Try loading font information for TS1+cmr on input line 6.
 ("C:\Program Files\MiKTeX 2.9\tex\latex\base\ts1cmr.fd"
File: ts1cmr.fd 2014/09/29 v2.5h Standard LaTeX font definitions
)
LaTeX Font Info:    ... okay on input line 6.
LaTeX Font Info:    Try loading font information for T2A+LinuxLibertineT-TLF on
 input line 6.

(C:\Users\KapustinAD\AppData\Roaming\MiKTeX\2.9\tex\latex\libertinegc\t2alinuxl
ibertinet-tlf.fd
File: T2ALinuxLibertineT-TLF.fd 2016/02/13 (msharpe) scaled font definitions fo
r Libertine T2A
)
LaTeX Font Info:    Font shape `T2A/LinuxLibertineT-TLF/m/n' will be
(Font)              scaled to size 10.95pt on input line 6.

*geometry* driver: auto-detecting
*geometry* detected driver: pdftex
*geometry* verbose mode - [ preamble ] result:
* driver: pdftex
* paper: a4paper
* layout: <same size as paper>
* layoutoffset:(h,v)=(0.0pt,0.0pt)
* modes: 
* h-part:(L,W,R)=(42.67912pt, 512.14963pt, 42.67912pt)
* v-part:(T,H,B)=(42.67912pt, 759.6886pt, 42.67912pt)
* \paperwidth=597.50787pt
* \paperheight=845.04684pt
* \textwidth=512.14963pt
* \textheight=790.0pt
* \oddsidemargin=-29.59087pt
* \evensidemargin=-29.59087pt
* \topmargin=-55.81723pt
* \headheight=12.0pt
* \headsep=14.22636pt
* \topskip=11.0pt
* \footskip=19.91684pt
* \marginparwidth=28.45274pt
* \marginparsep=5.69046pt
* \columnsep=10.0pt
* \skip\footins=10.0pt plus 4.0pt minus 2.0pt
* \hoffset=0.0pt
* \voffset=0.0pt
* \mag=1000
* \@twocolumnfalse
* \@twosidefalse
* \@mparswitchfalse
* \@reversemarginfalse
* (1in=72.27pt=25.4mm, 1cm=28.453pt)

\AtBeginShipoutBox=\box67
Package hyperref Info: Link coloring OFF on input line 6.
("C:\Program Files\MiKTeX 2.9\tex\latex\hyperref\nameref.sty"
Package: nameref 2016/05/21 v2.44 Cross-referencing by name of section

("C:\Program Files\MiKTeX 2.9\tex\generic\oberdiek\gettitlestring.sty"
Package: gettitlestring 2016/05/16 v1.5 Cleanup title references (HO)
)
\c@section@level=\count182
)
LaTeX Info: Redefining \ref on input line 6.
LaTeX Info: Redefining \pageref on input line 6.
LaTeX Info: Redefining \nameref on input line 6.

(s08-2019reg.out) (s08-2019reg.out)
\@outlinefile=\write5
\openout5 = `s08-2019reg.out'.


(C:\Users\KapustinAD\AppData\Roaming\MiKTeX\2.9\tex\context\base\supp-pdf.mkii
[Loading MPS to PDF converter (version 2006.09.02).]
\scratchcounter=\count183
\scratchdimen=\dimen292
\scratchbox=\box68
\nofMPsegments=\count184
\nofMParguments=\count185
\everyMPshowfont=\toks52
\MPscratchCnt=\count186
\MPscratchDim=\dimen293
\MPnumerator=\count187
\makeMPintoPDFobject=\count188
\everyMPtoPDFconversion=\toks53
) ("C:\Program Files\MiKTeX 2.9\tex\latex\oberdiek\epstopdf-base.sty"
Package: epstopdf-base 2016/05/15 v2.6 Base part for package epstopdf

("C:\Program Files\MiKTeX 2.9\tex\latex\oberdiek\grfext.sty"
Package: grfext 2016/05/16 v1.2 Manage graphics extensions (HO)
)
Package epstopdf-base Info: Redefining graphics rule for `.eps' on input line 4
38.
Package grfext Info: Graphics extension search list:
(grfext)             [.pdf,.png,.jpg,.mps,.jpeg,.jbig2,.jb2,.PDF,.PNG,.JPG,.JPE
G,.JBIG2,.JB2,.eps]
(grfext)             \AppendGraphicsExtensions on input line 456.
)
ABD: EveryShipout initializing macros
Package pgfplots notification 'compat/show suggested version=true': document ha
s been generated with the most recent feature set (\pgfplotsset{compat=1.16}).

Package caption Info: Begin \AtBeginDocument code.
Package caption Info: End \AtBeginDocument code.
LaTeX Font Info:    Try loading font information for OT1+LinuxLibertineT-TLF on
 input line 6.
("C:\Program Files\MiKTeX 2.9\tex\latex\libertine\ot1linuxlibertinet-tlf.fd"
File: OT1LinuxLibertineT-TLF.fd 2017/03/20 (autoinst) Font definitions for OT1/
LinuxLibertineT-TLF.
)
LaTeX Font Info:    Font shape `OT1/LinuxLibertineT-TLF/m/n' will be
(Font)              scaled to size 10.95pt on input line 6.
\c@mv@tabular=\count189
\c@mv@boldtabular=\count190
LaTeX Font Info:    Font shape `T2A/LinuxLibertineT-TLF/m/n' will be
(Font)              scaled to size 20.74pt on input line 7.
LaTeX Font Info:    Font shape `T2A/LinuxLibertineT-TLF/b/n' will be
(Font)              scaled to size 20.74pt on input line 7.
Package babel Info: Redefining russian shorthand "|
(babel)             in language  on input line 7.
Package babel Info: Redefining russian shorthand "~
(babel)             in language  on input line 7.
LaTeX Font Info:    Font shape `T2A/LinuxLibertineT-TLF/m/n' will be
(Font)              scaled to size 12.0pt on input line 9.
LaTeX Font Info:    Font shape `T2A/LinuxLibertineT-TLF/b/n' will be
(Font)              scaled to size 12.0pt on input line 9.
Package babel Info: Redefining russian shorthand "|
(babel)             in language  on input line 9.
Package babel Info: Redefining russian shorthand "~
(babel)             in language  on input line 9.

(solutions/reg19-08-1s.tex
LaTeX Font Info:    Try loading font information for U+msa on input line 1.

("C:\Program Files\MiKTeX 2.9\tex\latex\amsfonts\umsa.fd"
File: umsa.fd 2013/01/14 v3.01 AMS symbols A
)
LaTeX Font Info:    Try loading font information for U+msb on input line 1.

("C:\Program Files\MiKTeX 2.9\tex\latex\amsfonts\umsb.fd"
File: umsb.fd 2013/01/14 v3.01 AMS symbols B
)
LaTeX Font Info:    Font shape `T2A/LinuxLibertineT-TLF/m/n' will be
(Font)              scaled to size 8.0pt on input line 3.
LaTeX Font Info:    Font shape `T2A/LinuxLibertineT-TLF/m/n' will be
(Font)              scaled to size 6.0pt on input line 3.
LaTeX Font Info:    Font shape `T2A/LinuxLibertineT-TLF/b/n' will be
(Font)              scaled to size 10.95pt on input line 28.
)
Package babel Info: Redefining russian shorthand "|
(babel)             in language  on input line 10.
Package babel Info: Redefining russian shorthand "~
(babel)             in language  on input line 10.
Package babel Info: Redefining russian shorthand "|
(babel)             in language  on input line 10.
Package babel Info: Redefining russian shorthand "~
(babel)             in language  on input line 10.
 [1

{C:/Users/KapustinAD/AppData/Local/MiKTeX/2.9/pdftex/config/pdftex.map}]
Package babel Info: Redefining russian shorthand "|
(babel)             in language  on input line 11.
Package babel Info: Redefining russian shorthand "~
(babel)             in language  on input line 11.

(solutions/reg19-08-2s.tex)
Package babel Info: Redefining russian shorthand "|
(babel)             in language  on input line 12.
Package babel Info: Redefining russian shorthand "~
(babel)             in language  on input line 12.
Package babel Info: Redefining russian shorthand "|
(babel)             in language  on input line 12.
Package babel Info: Redefining russian shorthand "~
(babel)             in language  on input line 12.
 [2

]
Package babel Info: Redefining russian shorthand "|
(babel)             in language  on input line 13.
Package babel Info: Redefining russian shorthand "~
(babel)             in language  on input line 13.
 (solutions/reg19-08-3s.tex)
Package babel Info: Redefining russian shorthand "|
(babel)             in language  on input line 14.
Package babel Info: Redefining russian shorthand "~
(babel)             in language  on input line 14.
Package babel Info: Redefining russian shorthand "|
(babel)             in language  on input line 14.
Package babel Info: Redefining russian shorthand "~
(babel)             in language  on input line 14.
 [3

]
Package babel Info: Redefining russian shorthand "|
(babel)             in language  on input line 15.
Package babel Info: Redefining russian shorthand "~
(babel)             in language  on input line 15.

(solutions/reg19-08-4s.tex
Underfull \hbox (badness 10000) in paragraph at lines 41--43

 []

)
Package babel Info: Redefining russian shorthand "|
(babel)             in language  on input line 16.
Package babel Info: Redefining russian shorthand "~
(babel)             in language  on input line 16.
Package babel Info: Redefining russian shorthand "|
(babel)             in language  on input line 16.
Package babel Info: Redefining russian shorthand "~
(babel)             in language  on input line 16.
 [4

]
Package babel Info: Redefining russian shorthand "|
(babel)             in language  on input line 17.
Package babel Info: Redefining russian shorthand "~
(babel)             in language  on input line 17.
 (solutions/reg19-08-5s.tex
Package pgfplots info on input line 44: Using 'lua backend=false' for axis: x c
oord trafo unsupported.
)
Package babel Info: Redefining russian shorthand "|
(babel)             in language  on input line 18.
Package babel Info: Redefining russian shorthand "~
(babel)             in language  on input line 18.
Package babel Info: Redefining russian shorthand "|
(babel)             in language  on input line 18.
Package babel Info: Redefining russian shorthand "~
(babel)             in language  on input line 18.
 [5

]
Package atveryend Info: Empty hook `BeforeClearDocument' on input line 20.
Package atveryend Info: Empty hook `AfterLastShipout' on input line 20.
 (s08-2019reg.aux)
Package atveryend Info: Executing hook `AtVeryEndDocument' on input line 20.
Package atveryend Info: Executing hook `AtEndAfterFileList' on input line 20.
Package rerunfilecheck Info: File `s08-2019reg.out' has not changed.
(rerunfilecheck)             Checksum: A960922A64430DA59A6F188252F6F1C9;1072.
Package atveryend Info: Empty hook `AtVeryVeryEnd' on input line 20.
 ) 
Here is how much of TeX's memory you used:
 41969 strings out of 492973
 964132 string characters out of 3135917
 1184021 words of memory out of 3000000
 44992 multiletter control sequences out of 15000+200000
 25903 words of font info for 51 fonts, out of 3000000 for 9000
 1141 hyphenation exceptions out of 8191
 80i,9n,136p,1054b,2044s stack positions out of 5000i,500n,10000p,200000b,50000s
{C:/Users/KapustinAD/AppData/Roaming/MiKTeX/2.9/fonts/enc/dvips/libertinegc/l
ib-t2a.enc}{C:/Users/KapustinAD/AppData/Roaming/MiKTeX/2.9/fonts/enc/dvips/libe
rtinegc/lib-t2a1.enc}<C:/Program Files/MiKTeX 2.9/fonts/type1/public/libertine/
LinLibertineT.pfb><C:/Program Files/MiKTeX 2.9/fonts/type1/public/libertine/Lin
LibertineTB.pfb><C:/Program Files/MiKTeX 2.9/fonts/type1/public/amsfonts/cm/cme
x10.pfb><C:/Program Files/MiKTeX 2.9/fonts/type1/public/amsfonts/cm/cmmi10.pfb>
<C:/Program Files/MiKTeX 2.9/fonts/type1/public/amsfonts/cm/cmmi8.pfb><C:/Progr
am Files/MiKTeX 2.9/fonts/type1/public/amsfonts/cm/cmr10.pfb><C:/Program Files/
MiKTeX 2.9/fonts/type1/public/amsfonts/cm/cmr6.pfb><C:/Program Files/MiKTeX 2.9
/fonts/type1/public/amsfonts/cm/cmr8.pfb><C:/Program Files/MiKTeX 2.9/fonts/typ
e1/public/amsfonts/cm/cmsy10.pfb><C:/Program Files/MiKTeX 2.9/fonts/type1/publi
c/amsfonts/cm/cmsy8.pfb><C:/Program Files/MiKTeX 2.9/fonts/type1/public/amsfont
s/symbols/msam10.pfb>
Output written on s08-2019reg.pdf (5 pages, 297003 bytes).
PDF statistics:
 115 PDF objects out of 1000 (max. 8388607)
 21 named destinations out of 1000 (max. 500000)
 65 words of extra memory for PDF output out of 10000 (max. 10000000)

